1599747305861	geckodriver	INFO	Listening on 127.0.0.1:50047
1599747308988	mozrunner::runner	INFO	Running command: "C:\\Program Files\\Mozilla Firefox\\firefox.exe" "--marionette" "-foreground" "-no-remote" "-profile" "C:\\Users\\mrina\\AppData\\Local\\Temp\\rust_mozprofilegSt5Hz"
1599747310311	addons.webextension.doh-rollout@mozilla.org	WARN	Loading extension 'doh-rollout@mozilla.org': Reading manifest: Invalid extension permission: networkStatus
1599747310650	addons.webextension.screenshots@mozilla.org	WARN	Loading extension 'screenshots@mozilla.org': Reading manifest: Invalid extension permission: mozillaAddons
1599747310650	addons.webextension.screenshots@mozilla.org	WARN	Loading extension 'screenshots@mozilla.org': Reading manifest: Invalid extension permission: telemetry
1599747310651	addons.webextension.screenshots@mozilla.org	WARN	Loading extension 'screenshots@mozilla.org': Reading manifest: Invalid extension permission: resource://pdf.js/
1599747310652	addons.webextension.screenshots@mozilla.org	WARN	Loading extension 'screenshots@mozilla.org': Reading manifest: Invalid extension permission: about:reader*
JavaScript error: resource://gre/modules/XULStore.jsm, line 66: Error: Can't find profile directory.
1599747313866	Marionette	INFO	Listening on port 50059
1599747314345	Marionette	WARN	TLS certificate errors will be ignored for this session
JavaScript error: https://crm-staging-b2b.sparkstone.co.uk/account/Login?ReturnUrl=%2fmobile%2fmHome, line 262: ReferenceError: openDatabase is not defined
1599747326904	Marionette	INFO	Stopped listening on port 50059

###!!! [Child][RunMessage] Error: Channel closing: too late to send/recv, messages will be lost


###!!! [Child][MessageChannel::SendAndWait] Error: Channel error: cannot send/recv

1600075685927	geckodriver	INFO	Listening on 127.0.0.1:53678
1600075689052	mozrunner::runner	INFO	Running command: "C:\\Program Files\\Firefox Developer Edition\\firefox.exe" "--marionette" "-foreground" "-no-remote" "-profile" "C:\\Users\\mrina\\AppData\\Local\\Temp\\rust_mozprofilewBLSgp"
1600075690288	addons.webextension.screenshots@mozilla.org	WARN	Loading extension 'screenshots@mozilla.org': Reading manifest: Invalid extension permission: mozillaAddons
1600075690288	addons.webextension.screenshots@mozilla.org	WARN	Loading extension 'screenshots@mozilla.org': Reading manifest: Invalid extension permission: telemetry
1600075690289	addons.webextension.screenshots@mozilla.org	WARN	Loading extension 'screenshots@mozilla.org': Reading manifest: Invalid extension permission: resource://pdf.js/
1600075690289	addons.webextension.screenshots@mozilla.org	WARN	Loading extension 'screenshots@mozilla.org': Reading manifest: Invalid extension permission: about:reader*
1600075693873	Marionette	INFO	Listening on port 53686
1600075693918	Marionette	WARN	TLS certificate errors will be ignored for this session
JavaScript error: https://crm-staging-b2b.sparkstone.co.uk/account/Login?ReturnUrl=%2fmobile%2fmHome, line 262: ReferenceError: openDatabase is not defined
console.error: BroadcastService: 
  receivedBroadcastMessage: handler for
  remote-settings/monitor_changes
  threw error:
  Message: Error: Polling for changes failed: http://%(server)s/dummy/blocklist//buckets/monitor/collections/changes/records?_expected=%221599847578511%22 is not a valid URL..
  Stack:
    remoteSettingsFunction/remoteSettings.pollChanges@resource://services-settings/remote-settings.js:201:13

1600075762202	Marionette	INFO	Stopped listening on port 53686
[Parent 11332, Gecko_IOThread] WARNING: pipe error: 109: file z:/task_1558608837/build/src/ipc/chromium/src/chrome/common/ipc_channel_win.cc, line 341
[Child 17152, Chrome_ChildThread] WARNING: pipe error: 109: file z:/task_1558608837/build/src/ipc/chromium/src/chrome/common/ipc_channel_win.cc, line 341
[Child 1715JavaScript error: webpack-internal:///714, line 10: NS_ERROR_NOT_INITIALIZED: 
[Parent 11332, Gecko_IOThread] WARNING: pipe error: 109: file z:/task_1558608837/build/src/ipc/chromium/src/chrome/common/ipc_channel_win.cc, line 341
[Parent 11332, Gecko_IOThread] WARNING: pipe error: 109: file z:/task_1558608837/build/src/ipc/chromium/src/chrome/common/ipc_channel_win.cc, line 341
[GPU 5324
###!!! [Child][RunMessage] Error: Channel closing: too late to send/recv, messages will be lost


###!!! [Child][MessageChannel::SendAndWait] Error: Channel error: cannot send/recv

1600936489315	geckodriver	INFO	Listening on 127.0.0.1:63477
1600936492390	mozrunner::runner	INFO	Running command: "C:\\Program Files\\Firefox Developer Edition\\firefox.exe" "--marionette" "-foreground" "-no-remote" "-profile" "C:\\Users\\mrina\\AppData\\Local\\Temp\\rust_mozprofileQQSAYq"
1600936533364	geckodriver	INFO	Listening on 127.0.0.1:63516
1600936536422	mozrunner::runner	INFO	Running command: "C:\\Program Files\\Firefox Developer Edition\\firefox.exe" "--marionette" "-foreground" "-no-remote" "-profile" "C:\\Users\\mrina\\AppData\\Local\\Temp\\rust_mozprofileveM71d"
1600936553589	geckodriver	INFO	Listening on 127.0.0.1:63544
1600936556615	mozrunner::runner	INFO	Running command: "C:\\Program Files\\Firefox Developer Edition\\firefox.exe" "--marionette" "-foreground" "-no-remote" "-profile" "C:\\Users\\mrina\\AppData\\Local\\Temp\\rust_mozprofilen4DILj"
Can't find symbol 'eglSwapBuffersWithDamageEXT'.
JavaScript error: resource://gre/modules/XULStore.jsm, line 66: Error: Can't find profile directory.
console.error: SearchCache: "_readCacheFile: Error reading cache file:" (new Error("", "(unknown module)"))
1600936562110	Marionette	INFO	Listening on port 63567
1600936562382	Marionette	WARN	TLS certificate errors will be ignored for this session
JavaScript error: https://crm-staging-b2b.sparkstone.co.uk/account/Login?ReturnUrl=%2fmobile%2fmHome, line 262: ReferenceError: openDatabase is not defined
JavaScript error: https://crm-staging-b2b.sparkstone.co.uk/Areas/Mobile/client/build/bundle.js?v=0def69a3592c136822dd line 3145 > eval, line 2743: Error: No available storage method found.
JavaScript error: https://crm-staging-b2b.sparkstone.co.uk/Areas/Mobile/client/build/bundle.js?v=0def69a3592c136822dd line 3145 > eval, line 2743: Error: No available storage method found.
JavaScript error: https://crm-staging-b2b.sparkstone.co.uk/Areas/Mobile/client/build/bundle.js?v=0def69a3592c136822dd line 3145 > eval, line 2743: Error: No available storage method found.
JavaScript error: https://crm-staging-b2b.sparkstone.co.uk/Areas/Mobile/client/build/bundle.js?v=0def69a3592c136822dd line 3145 > eval, line 2743: Error: No available storage method found.
JavaScript error: https://crm-staging-b2b.sparkstone.co.uk/Areas/Mobile/client/build/bundle.js?v=0def69a3592c136822dd line 3145 > eval, line 2743: Error: No available storage method found.
JavaScript error: https://crm-staging-b2b.sparkstone.co.uk/Areas/Mobile/client/build/bundle.js?v=0def69a3592c136822dd line 3145 > eval, line 2743: Error: No available storage method found.
JavaScript error: https://crm-staging-b2b.sparkstone.co.uk/Areas/Mobile/client/build/bundle.js?v=0def69a3592c136822dd line 3145 > eval, line 2743: Error: No available storage method found.
JavaScript error: https://crm-staging-b2b.sparkstone.co.uk/Areas/Mobile/client/build/bundle.js?v=0def69a3592c136822dd line 3145 > eval, line 2743: Error: No available storage method found.
JavaScript error: https://crm-staging-b2b.sparkstone.co.uk/Areas/Mobile/client/build/bundle.js?v=0def69a3592c136822dd line 3145 > eval, line 2743: Error: No available storage method found.
JavaScript error: https://crm-staging-b2b.sparkstone.co.uk/Areas/Mobile/client/build/bundle.js?v=0def69a3592c136822dd line 3145 > eval, line 2743: Error: No available storage method found.
JavaScript error: https://crm-staging-b2b.sparkstone.co.uk/Areas/Mobile/client/build/bundle.js?v=0def69a3592c136822dd line 3145 > eval, line 2743: Error: No available storage method found.
JavaScript error: https://crm-staging-b2b.sparkstone.co.uk/Areas/Mobile/client/build/bundle.js?v=0def69a3592c136822dd line 3145 > eval, line 2743: Error: No available storage method found.
JavaScript error: https://crm-staging-b2b.sparkstone.co.uk/Areas/Mobile/client/build/bundle.js?v=0def69a3592c136822dd line 3145 > eval, line 2743: Error: No available storage method found.
JavaScript error: https://crm-staging-b2b.sparkstone.co.uk/Areas/Mobile/client/build/bundle.js?v=0def69a3592c136822dd line 3145 > eval, line 2743: Error: No available storage method found.
JavaScript error: https://crm-staging-b2b.sparkstone.co.uk/Areas/Mobile/client/build/bundle.js?v=0def69a3592c136822dd line 3145 > eval, line 2743: Error: No available storage method found.
JavaScript error: https://crm-staging-b2b.sparkstone.co.uk/Areas/Mobile/client/build/bundle.js?v=0def69a3592c136822dd line 3145 > eval, line 2743: Error: No available storage method found.
JavaScript error: https://crm-staging-b2b.sparkstone.co.uk/Areas/Mobile/client/build/bundle.js?v=0def69a3592c136822dd line 3145 > eval, line 2743: Error: No available storage method found.
JavaScript error: https://crm-staging-b2b.sparkstone.co.uk/Areas/Mobile/client/build/bundle.js?v=0def69a3592c136822dd line 3145 > eval, line 2743: Error: No available storage method found.
JavaScript error: https://crm-staging-b2b.sparkstone.co.uk/Areas/Mobile/client/build/bundle.js?v=0def69a3592c136822dd line 3145 > eval, line 2743: Error: No available storage method found.
JavaScript error: https://crm-staging-b2b.sparkstone.co.uk/Areas/Mobile/client/build/bundle.js?v=0def69a3592c136822dd line 3145 > eval, line 2743: Error: No available storage method found.
JavaScript error: https://crm-staging-b2b.sparkstone.co.uk/Areas/Mobile/client/build/bundle.js?v=0def69a3592c136822dd line 3145 > eval, line 2743: Error: No available storage method found.
JavaScript error: https://crm-staging-b2b.sparkstone.co.uk/Areas/Mobile/client/build/bundle.js?v=0def69a3592c136822dd line 3145 > eval, line 2743: Error: No available storage method found.
JavaScript error: https://crm-staging-b2b.sparkstone.co.uk/Areas/Mobile/client/build/bundle.js?v=0def69a3592c136822dd line 3145 > eval, line 2743: Error: No available storage method found.
JavaScript error: https://crm-staging-b2b.sparkstone.co.uk/Areas/Mobile/client/build/bundle.js?v=0def69a3592c136822dd line 3145 > eval, line 2743: Error: No available storage method found.
JavaScript error: https://crm-staging-b2b.sparkstone.co.uk/Areas/Mobile/client/build/bundle.js?v=0def69a3592c136822dd line 3145 > eval, line 2743: Error: No available storage method found.
JavaScript error: https://crm-staging-b2b.sparkstone.co.uk/Areas/Mobile/client/build/bundle.js?v=0def69a3592c136822dd line 3145 > eval, line 2743: Error: No available storage method found.
JavaScript error: https://crm-staging-b2b.sparkstone.co.uk/Areas/Mobile/client/build/bundle.js?v=0def69a3592c136822dd line 3145 > eval, line 2743: Error: No available storage method found.
JavaScript error: https://crm-staging-b2b.sparkstone.co.uk/Areas/Mobile/client/build/bundle.js?v=0def69a3592c136822dd line 3145 > eval, line 2743: Error: No available storage method found.
JavaScript error: https://crm-staging-b2b.sparkstone.co.uk/Areas/Mobile/client/build/bundle.js?v=0def69a3592c136822dd line 3145 > eval, line 2743: Error: No available storage method found.
JavaScript error: https://crm-staging-b2b.sparkstone.co.uk/Areas/Mobile/client/build/bundle.js?v=0def69a3592c136822dd line 3145 > eval, line 2743: Error: No available storage method found.
JavaScript error: https://crm-staging-b2b.sparkstone.co.uk/Areas/Mobile/client/build/bundle.js?v=0def69a3592c136822dd line 3145 > eval, line 2743: Error: No available storage method found.
JavaScript error: https://crm-staging-b2b.sparkstone.co.uk/Areas/Mobile/client/build/bundle.js?v=0def69a3592c136822dd line 3145 > eval, line 2743: Error: No available storage method found.
JavaScript error: https://crm-staging-b2b.sparkstone.co.uk/Areas/Mobile/client/build/bundle.js?v=0def69a3592c136822dd line 3145 > eval, line 2743: Error: No available storage method found.
JavaScript error: https://crm-staging-b2b.sparkstone.co.uk/Areas/Mobile/client/build/bundle.js?v=0def69a3592c136822dd line 3145 > eval, line 2743: Error: No available storage method found.
JavaScript error: https://crm-staging-b2b.sparkstone.co.uk/Areas/Mobile/client/build/bundle.js?v=0def69a3592c136822dd line 3145 > eval, line 2743: Error: No available storage method found.
JavaScript error: https://crm-staging-b2b.sparkstone.co.uk/Areas/Mobile/client/build/bundle.js?v=0def69a3592c136822dd line 3145 > eval, line 2743: Error: No available storage method found.
JavaScript error: https://crm-staging-b2b.sparkstone.co.uk/Areas/Mobile/client/build/bundle.js?v=0def69a3592c136822dd line 3145 > eval, line 2743: Error: No available storage method found.
JavaScript error: https://crm-staging-b2b.sparkstone.co.uk/Areas/Mobile/client/build/bundle.js?v=0def69a3592c136822dd line 3145 > eval, line 2743: Error: No available storage method found.
JavaScript error: https://crm-staging-b2b.sparkstone.co.uk/Areas/Mobile/client/build/bundle.js?v=0def69a3592c136822dd line 3145 > eval, line 2743: Error: No available storage method found.
JavaScript error: https://crm-staging-b2b.sparkstone.co.uk/Areas/Mobile/client/build/bundle.js?v=0def69a3592c136822dd line 3145 > eval, line 2743: Error: No available storage method found.
JavaScript error: https://crm-staging-b2b.sparkstone.co.uk/Areas/Mobile/client/build/bundle.js?v=0def69a3592c136822dd line 3145 > eval, line 2743: Error: No available storage method found.
JavaScript error: https://crm-staging-b2b.sparkstone.co.uk/Areas/Mobile/client/build/bundle.js?v=0def69a3592c136822dd line 3145 > eval, line 2743: Error: No available storage method found.
JavaScript error: https://crm-staging-b2b.sparkstone.co.uk/Areas/Mobile/client/build/bundle.js?v=0def69a3592c136822dd line 3145 > eval, line 2743: Error: No available storage method found.
JavaScript error: https://crm-staging-b2b.sparkstone.co.uk/Areas/Mobile/client/build/bundle.js?v=0def69a3592c136822dd line 3145 > eval, line 2743: Error: No available storage method found.
JavaScript error: https://crm-staging-b2b.sparkstone.co.uk/Areas/Mobile/client/build/bundle.js?v=0def69a3592c136822dd line 3145 > eval, line 2743: Error: No available storage method found.
JavaScript error: https://crm-staging-b2b.sparkstone.co.uk/Areas/Mobile/client/build/bundle.js?v=0def69a3592c136822dd line 3145 > eval, line 2743: Error: No available storage method found.
JavaScript error: https://crm-staging-b2b.sparkstone.co.uk/Areas/Mobile/client/build/bundle.js?v=0def69a3592c136822dd line 3145 > eval, line 2743: Error: No available storage method found.
JavaScript error: https://crm-staging-b2b.sparkstone.co.uk/Areas/Mobile/client/build/bundle.js?v=0def69a3592c136822dd line 3145 > eval, line 2743: Error: No available storage method found.
JavaScript error: https://crm-staging-b2b.sparkstone.co.uk/Areas/Mobile/client/build/bundle.js?v=0def69a3592c136822dd line 3145 > eval, line 2743: Error: No available storage method found.
JavaScript error: https://crm-staging-b2b.sparkstone.co.uk/Areas/Mobile/client/build/bundle.js?v=0def69a3592c136822dd line 3145 > eval, line 2743: Error: No available storage method found.
JavaScript error: https://crm-staging-b2b.sparkstone.co.uk/Areas/Mobile/client/build/bundle.js?v=0def69a3592c136822dd line 3145 > eval, line 2743: Error: No available storage method found.
JavaScript error: https://crm-staging-b2b.sparkstone.co.uk/Areas/Mobile/client/build/bundle.js?v=0def69a3592c136822dd line 3145 > eval, line 2743: Error: No available storage method found.
JavaScript error: https://crm-staging-b2b.sparkstone.co.uk/Areas/Mobile/client/build/bundle.js?v=0def69a3592c136822dd line 3145 > eval, line 2743: Error: No available storage method found.
JavaScript error: https://crm-staging-b2b.sparkstone.co.uk/Areas/Mobile/client/build/bundle.js?v=0def69a3592c136822dd line 3145 > eval, line 2743: Error: No available storage method found.
JavaScript error: https://crm-staging-b2b.sparkstone.co.uk/Areas/Mobile/client/build/bundle.js?v=0def69a3592c136822dd line 3145 > eval, line 2743: Error: No available storage method found.
JavaScript error: https://crm-staging-b2b.sparkstone.co.uk/Areas/Mobile/client/build/bundle.js?v=0def69a3592c136822dd line 3145 > eval, line 2743: Error: No available storage method found.
JavaScript error: https://crm-staging-b2b.sparkstone.co.uk/Areas/Mobile/client/build/bundle.js?v=0def69a3592c136822dd line 3145 > eval, line 2743: Error: No available storage method found.
JavaScript error: https://crm-staging-b2b.sparkstone.co.uk/Areas/Mobile/client/build/bundle.js?v=0def69a3592c136822dd line 3145 > eval, line 2743: Error: No available storage method found.
JavaScript error: https://crm-staging-b2b.sparkstone.co.uk/Areas/Mobile/client/build/bundle.js?v=0def69a3592c136822dd line 3145 > eval, line 2743: Error: No available storage method found.
JavaScript error: https://crm-staging-b2b.sparkstone.co.uk/Areas/Mobile/client/build/bundle.js?v=0def69a3592c136822dd line 3145 > eval, line 2743: Error: No available storage method found.
JavaScript error: https://crm-staging-b2b.sparkstone.co.uk/Areas/Mobile/client/build/bundle.js?v=0def69a3592c136822dd line 3145 > eval, line 2743: Error: No available storage method found.
JavaScript error: https://crm-staging-b2b.sparkstone.co.uk/Areas/Mobile/client/build/bundle.js?v=0def69a3592c136822dd line 3145 > eval, line 2743: Error: No available storage method found.
JavaScript error: https://crm-staging-b2b.sparkstone.co.uk/Areas/Mobile/client/build/bundle.js?v=0def69a3592c136822dd line 3145 > eval, line 2743: Error: No available storage method found.
JavaScript error: https://crm-staging-b2b.sparkstone.co.uk/Areas/Mobile/client/build/bundle.js?v=0def69a3592c136822dd line 3145 > eval, line 2743: Error: No available storage method found.
JavaScript error: https://crm-staging-b2b.sparkstone.co.uk/Areas/Mobile/client/build/bundle.js?v=0def69a3592c136822dd line 3145 > eval, line 2743: Error: No available storage method found.
JavaScript error: https://crm-staging-b2b.sparkstone.co.uk/Areas/Mobile/client/build/bundle.js?v=0def69a3592c136822dd line 3145 > eval, line 2743: Error: No available storage method found.
JavaScript error: https://crm-staging-b2b.sparkstone.co.uk/Areas/Mobile/client/build/bundle.js?v=0def69a3592c136822dd line 3145 > eval, line 2743: Error: No available storage method found.
JavaScript error: https://crm-staging-b2b.sparkstone.co.uk/Areas/Mobile/client/build/bundle.js?v=0def69a3592c136822dd line 3145 > eval, line 2743: Error: No available storage method found.
JavaScript error: https://crm-staging-b2b.sparkstone.co.uk/Areas/Mobile/client/build/bundle.js?v=0def69a3592c136822dd line 3145 > eval, line 2743: Error: No available storage method found.
JavaScript error: https://crm-staging-b2b.sparkstone.co.uk/Areas/Mobile/client/build/bundle.js?v=0def69a3592c136822dd line 3145 > eval, line 2743: Error: No available storage method found.
JavaScript error: https://crm-staging-b2b.sparkstone.co.uk/Areas/Mobile/client/build/bundle.js?v=0def69a3592c136822dd line 3145 > eval, line 2743: Error: No available storage method found.
JavaScript error: https://crm-staging-b2b.sparkstone.co.uk/Areas/Mobile/client/build/bundle.js?v=0def69a3592c136822dd line 3145 > eval, line 2743: Error: No available storage method found.
JavaScript error: https://crm-staging-b2b.sparkstone.co.uk/Areas/Mobile/client/build/bundle.js?v=0def69a3592c136822dd line 3145 > eval, line 2743: Error: No available storage method found.
JavaScript error: https://crm-staging-b2b.sparkstone.co.uk/Areas/Mobile/client/build/bundle.js?v=0def69a3592c136822dd line 3145 > eval, line 2743: Error: No available storage method found.
JavaScript error: https://crm-staging-b2b.sparkstone.co.uk/Areas/Mobile/client/build/bundle.js?v=0def69a3592c136822dd line 3145 > eval, line 2743: Error: No available storage method found.
JavaScript error: https://crm-staging-b2b.sparkstone.co.uk/Areas/Mobile/client/build/bundle.js?v=0def69a3592c136822dd line 3145 > eval, line 2743: Error: No available storage method found.
JavaScript error: https://crm-staging-b2b.sparkstone.co.uk/Areas/Mobile/client/build/bundle.js?v=0def69a3592c136822dd line 3145 > eval, line 2743: Error: No available storage method found.
1600936609686	Marionette	INFO	Stopped listening on port 63567
JavaScript error: webpack-internal:///714, line 10: NS_ERROR_NOT_INITIALIZED: 

###!!! [Child][RunMessage] Error: Channel closing: too late to send/recv, messages will be lost


###!!! [Child][MessageChannel::SendAndWait] Error: Channel error: cannot send/recv

1600936617073	geckodriver	INFO	Listening on 127.0.0.1:63666
1600936620133	mozrunner::runner	INFO	Running command: "C:\\Program Files\\Firefox Developer Edition\\firefox.exe" "--marionette" "-foreground" "-no-remote" "-profile" "C:\\Users\\mrina\\AppData\\Local\\Temp\\rust_mozprofile5m16fi"
Can't find symbol 'eglSwapBuffersWithDamageEXT'.
JavaScript error: resource://gre/modules/XULStore.jsm, line 66: Error: Can't find profile directory.
console.error: SearchCache: "_readCacheFile: Error reading cache file:" (new Error("", "(unknown module)"))
1600936626658	Marionette	INFO	Listening on port 63675
1600936627018	Marionette	WARN	TLS certificate errors will be ignored for this session
JavaScript error: https://crm-staging-b2b.sparkstone.co.uk/account/Login?ReturnUrl=%2fmobile%2fmHome, line 262: ReferenceError: openDatabase is not defined
1600936676546	Marionette	INFO	Stopped listening on port 63675

###!!! [Child][RunMessage] Error: Channel closing: too late to send/recv, messages will be lost


###!!! [Child][MessageChannel::SendAndWait] Error: Channel error: cannot send/recv

1600937306435	geckodriver	INFO	Listening on 127.0.0.1:64105
1600937309514	mozrunner::runner	INFO	Running command: "C:\\Program Files\\Firefox Developer Edition\\firefox.exe" "--marionette" "-foreground" "-no-remote" "-profile" "C:\\Users\\mrina\\AppData\\Local\\Temp\\rust_mozprofile7qhDuB"
Can't find symbol 'eglSwapBuffersWithDamageEXT'.
JavaScript error: resource://gre/modules/XULStore.jsm, line 66: Error: Can't find profile directory.
console.error: SearchCache: "_readCacheFile: Error reading cache file:" (new Error("", "(unknown module)"))
1600937314991	Marionette	INFO	Listening on port 64114
1600937315331	Marionette	WARN	TLS certificate errors will be ignored for this session
JavaScript error: https://crm-staging-b2b.sparkstone.co.uk/account/Login?ReturnUrl=%2fmobile%2fmHome, line 262: ReferenceError: openDatabase is not defined
JavaScript error: https://crm-staging-b2b.sparkstone.co.uk/Areas/Mobile/client/build/bundle.js?v=0def69a3592c136822dd line 3145 > eval, line 2743: Error: No available storage method found.
JavaScript error: https://crm-staging-b2b.sparkstone.co.uk/Areas/Mobile/client/build/bundle.js?v=0def69a3592c136822dd line 3145 > eval, line 2743: Error: No available storage method found.
JavaScript error: https://crm-staging-b2b.sparkstone.co.uk/Areas/Mobile/client/build/bundle.js?v=0def69a3592c136822dd line 3145 > eval, line 2743: Error: No available storage method found.
JavaScript error: https://crm-staging-b2b.sparkstone.co.uk/Areas/Mobile/client/build/bundle.js?v=0def69a3592c136822dd line 3145 > eval, line 2743: Error: No available storage method found.
JavaScript error: https://crm-staging-b2b.sparkstone.co.uk/Areas/Mobile/client/build/bundle.js?v=0def69a3592c136822dd line 3145 > eval, line 2743: Error: No available storage method found.
JavaScript error: https://crm-staging-b2b.sparkstone.co.uk/Areas/Mobile/client/build/bundle.js?v=0def69a3592c136822dd line 3145 > eval, line 2743: Error: No available storage method found.
JavaScript error: https://crm-staging-b2b.sparkstone.co.uk/Areas/Mobile/client/build/bundle.js?v=0def69a3592c136822dd line 3145 > eval, line 2743: Error: No available storage method found.
JavaScript error: https://crm-staging-b2b.sparkstone.co.uk/Areas/Mobile/client/build/bundle.js?v=0def69a3592c136822dd line 3145 > eval, line 2743: Error: No available storage method found.
JavaScript error: https://crm-staging-b2b.sparkstone.co.uk/Areas/Mobile/client/build/bundle.js?v=0def69a3592c136822dd line 3145 > eval, line 2743: Error: No available storage method found.
JavaScript error: https://crm-staging-b2b.sparkstone.co.uk/Areas/Mobile/client/build/bundle.js?v=0def69a3592c136822dd line 3145 > eval, line 2743: Error: No available storage method found.
JavaScript error: https://crm-staging-b2b.sparkstone.co.uk/Areas/Mobile/client/build/bundle.js?v=0def69a3592c136822dd line 3145 > eval, line 2743: Error: No available storage method found.
JavaScript error: https://crm-staging-b2b.sparkstone.co.uk/Areas/Mobile/client/build/bundle.js?v=0def69a3592c136822dd line 3145 > eval, line 2743: Error: No available storage method found.
JavaScript error: https://crm-staging-b2b.sparkstone.co.uk/Areas/Mobile/client/build/bundle.js?v=0def69a3592c136822dd line 3145 > eval, line 2743: Error: No available storage method found.
JavaScript error: https://crm-staging-b2b.sparkstone.co.uk/Areas/Mobile/client/build/bundle.js?v=0def69a3592c136822dd line 3145 > eval, line 2743: Error: No available storage method found.
JavaScript error: https://crm-staging-b2b.sparkstone.co.uk/Areas/Mobile/client/build/bundle.js?v=0def69a3592c136822dd line 3145 > eval, line 2743: Error: No available storage method found.
JavaScript error: https://crm-staging-b2b.sparkstone.co.uk/Areas/Mobile/client/build/bundle.js?v=0def69a3592c136822dd line 3145 > eval, line 2743: Error: No available storage method found.
JavaScript error: https://crm-staging-b2b.sparkstone.co.uk/Areas/Mobile/client/build/bundle.js?v=0def69a3592c136822dd line 3145 > eval, line 2743: Error: No available storage method found.
JavaScript error: https://crm-staging-b2b.sparkstone.co.uk/Areas/Mobile/client/build/bundle.js?v=0def69a3592c136822dd line 3145 > eval, line 2743: Error: No available storage method found.
JavaScript error: https://crm-staging-b2b.sparkstone.co.uk/Areas/Mobile/client/build/bundle.js?v=0def69a3592c136822dd line 3145 > eval, line 2743: Error: No available storage method found.
JavaScript error: https://crm-staging-b2b.sparkstone.co.uk/Areas/Mobile/client/build/bundle.js?v=0def69a3592c136822dd line 3145 > eval, line 2743: Error: No available storage method found.
JavaScript error: https://crm-staging-b2b.sparkstone.co.uk/Areas/Mobile/client/build/bundle.js?v=0def69a3592c136822dd line 3145 > eval, line 2743: Error: No available storage method found.
JavaScript error: https://crm-staging-b2b.sparkstone.co.uk/Areas/Mobile/client/build/bundle.js?v=0def69a3592c136822dd line 3145 > eval, line 2743: Error: No available storage method found.
JavaScript error: https://crm-staging-b2b.sparkstone.co.uk/Areas/Mobile/client/build/bundle.js?v=0def69a3592c136822dd line 3145 > eval, line 2743: Error: No available storage method found.
JavaScript error: https://crm-staging-b2b.sparkstone.co.uk/Areas/Mobile/client/build/bundle.js?v=0def69a3592c136822dd line 3145 > eval, line 2743: Error: No available storage method found.
JavaScript error: https://crm-staging-b2b.sparkstone.co.uk/Areas/Mobile/client/build/bundle.js?v=0def69a3592c136822dd line 3145 > eval, line 2743: Error: No available storage method found.
JavaScript error: https://crm-staging-b2b.sparkstone.co.uk/Areas/Mobile/client/build/bundle.js?v=0def69a3592c136822dd line 3145 > eval, line 2743: Error: No available storage method found.
JavaScript error: https://crm-staging-b2b.sparkstone.co.uk/Areas/Mobile/client/build/bundle.js?v=0def69a3592c136822dd line 3145 > eval, line 2743: Error: No available storage method found.
JavaScript error: https://crm-staging-b2b.sparkstone.co.uk/Areas/Mobile/client/build/bundle.js?v=0def69a3592c136822dd line 3145 > eval, line 2743: Error: No available storage method found.
JavaScript error: https://crm-staging-b2b.sparkstone.co.uk/Areas/Mobile/client/build/bundle.js?v=0def69a3592c136822dd line 3145 > eval, line 2743: Error: No available storage method found.
JavaScript error: https://crm-staging-b2b.sparkstone.co.uk/Areas/Mobile/client/build/bundle.js?v=0def69a3592c136822dd line 3145 > eval, line 2743: Error: No available storage method found.
JavaScript error: https://crm-staging-b2b.sparkstone.co.uk/Areas/Mobile/client/build/bundle.js?v=0def69a3592c136822dd line 3145 > eval, line 2743: Error: No available storage method found.
JavaScript error: https://crm-staging-b2b.sparkstone.co.uk/Areas/Mobile/client/build/bundle.js?v=0def69a3592c136822dd line 3145 > eval, line 2743: Error: No available storage method found.
JavaScript error: https://crm-staging-b2b.sparkstone.co.uk/Areas/Mobile/client/build/bundle.js?v=0def69a3592c136822dd line 3145 > eval, line 2743: Error: No available storage method found.
JavaScript error: https://crm-staging-b2b.sparkstone.co.uk/Areas/Mobile/client/build/bundle.js?v=0def69a3592c136822dd line 3145 > eval, line 2743: Error: No available storage method found.
JavaScript error: https://crm-staging-b2b.sparkstone.co.uk/Areas/Mobile/client/build/bundle.js?v=0def69a3592c136822dd line 3145 > eval, line 2743: Error: No available storage method found.
JavaScript error: https://crm-staging-b2b.sparkstone.co.uk/Areas/Mobile/client/build/bundle.js?v=0def69a3592c136822dd line 3145 > eval, line 2743: Error: No available storage method found.
JavaScript error: https://crm-staging-b2b.sparkstone.co.uk/Areas/Mobile/client/build/bundle.js?v=0def69a3592c136822dd line 3145 > eval, line 2743: Error: No available storage method found.
JavaScript error: https://crm-staging-b2b.sparkstone.co.uk/Areas/Mobile/client/build/bundle.js?v=0def69a3592c136822dd line 3145 > eval, line 2743: Error: No available storage method found.
JavaScript error: https://crm-staging-b2b.sparkstone.co.uk/Areas/Mobile/client/build/bundle.js?v=0def69a3592c136822dd line 3145 > eval, line 2743: Error: No available storage method found.
JavaScript error: https://crm-staging-b2b.sparkstone.co.uk/Areas/Mobile/client/build/bundle.js?v=0def69a3592c136822dd line 3145 > eval, line 2743: Error: No available storage method found.
JavaScript error: https://crm-staging-b2b.sparkstone.co.uk/Areas/Mobile/client/build/bundle.js?v=0def69a3592c136822dd line 3145 > eval, line 2743: Error: No available storage method found.
JavaScript error: https://crm-staging-b2b.sparkstone.co.uk/Areas/Mobile/client/build/bundle.js?v=0def69a3592c136822dd line 3145 > eval, line 2743: Error: No available storage method found.
JavaScript error: https://crm-staging-b2b.sparkstone.co.uk/Areas/Mobile/client/build/bundle.js?v=0def69a3592c136822dd line 3145 > eval, line 2743: Error: No available storage method found.
JavaScript error: https://crm-staging-b2b.sparkstone.co.uk/Areas/Mobile/client/build/bundle.js?v=0def69a3592c136822dd line 3145 > eval, line 2743: Error: No available storage method found.
JavaScript error: https://crm-staging-b2b.sparkstone.co.uk/Areas/Mobile/client/build/bundle.js?v=0def69a3592c136822dd line 3145 > eval, line 2743: Error: No available storage method found.
JavaScript error: https://crm-staging-b2b.sparkstone.co.uk/Areas/Mobile/client/build/bundle.js?v=0def69a3592c136822dd line 3145 > eval, line 2743: Error: No available storage method found.
JavaScript error: https://crm-staging-b2b.sparkstone.co.uk/Areas/Mobile/client/build/bundle.js?v=0def69a3592c136822dd line 3145 > eval, line 2743: Error: No available storage method found.
JavaScript error: https://crm-staging-b2b.sparkstone.co.uk/Areas/Mobile/client/build/bundle.js?v=0def69a3592c136822dd line 3145 > eval, line 2743: Error: No available storage method found.
JavaScript error: https://crm-staging-b2b.sparkstone.co.uk/Areas/Mobile/client/build/bundle.js?v=0def69a3592c136822dd line 3145 > eval, line 2743: Error: No available storage method found.
JavaScript error: https://crm-staging-b2b.sparkstone.co.uk/Areas/Mobile/client/build/bundle.js?v=0def69a3592c136822dd line 3145 > eval, line 2743: Error: No available storage method found.
JavaScript error: https://crm-staging-b2b.sparkstone.co.uk/Areas/Mobile/client/build/bundle.js?v=0def69a3592c136822dd line 3145 > eval, line 2743: Error: No available storage method found.
JavaScript error: https://crm-staging-b2b.sparkstone.co.uk/Areas/Mobile/client/build/bundle.js?v=0def69a3592c136822dd line 3145 > eval, line 2743: Error: No available storage method found.
JavaScript error: https://crm-staging-b2b.sparkstone.co.uk/Areas/Mobile/client/build/bundle.js?v=0def69a3592c136822dd line 3145 > eval, line 2743: Error: No available storage method found.
JavaScript error: https://crm-staging-b2b.sparkstone.co.uk/Areas/Mobile/client/build/bundle.js?v=0def69a3592c136822dd line 3145 > eval, line 2743: Error: No available storage method found.
JavaScript error: https://crm-staging-b2b.sparkstone.co.uk/Areas/Mobile/client/build/bundle.js?v=0def69a3592c136822dd line 3145 > eval, line 2743: Error: No available storage method found.
JavaScript error: https://crm-staging-b2b.sparkstone.co.uk/Areas/Mobile/client/build/bundle.js?v=0def69a3592c136822dd line 3145 > eval, line 2743: Error: No available storage method found.
JavaScript error: https://crm-staging-b2b.sparkstone.co.uk/Areas/Mobile/client/build/bundle.js?v=0def69a3592c136822dd line 3145 > eval, line 2743: Error: No available storage method found.
JavaScript error: https://crm-staging-b2b.sparkstone.co.uk/Areas/Mobile/client/build/bundle.js?v=0def69a3592c136822dd line 3145 > eval, line 2743: Error: No available storage method found.
JavaScript error: https://crm-staging-b2b.sparkstone.co.uk/Areas/Mobile/client/build/bundle.js?v=0def69a3592c136822dd line 3145 > eval, line 2743: Error: No available storage method found.
JavaScript error: https://crm-staging-b2b.sparkstone.co.uk/Areas/Mobile/client/build/bundle.js?v=0def69a3592c136822dd line 3145 > eval, line 2743: Error: No available storage method found.
JavaScript error: https://crm-staging-b2b.sparkstone.co.uk/Areas/Mobile/client/build/bundle.js?v=0def69a3592c136822dd line 3145 > eval, line 2743: Error: No available storage method found.
JavaScript error: https://crm-staging-b2b.sparkstone.co.uk/Areas/Mobile/client/build/bundle.js?v=0def69a3592c136822dd line 3145 > eval, line 2743: Error: No available storage method found.
JavaScript error: https://crm-staging-b2b.sparkstone.co.uk/Areas/Mobile/client/build/bundle.js?v=0def69a3592c136822dd line 3145 > eval, line 2743: Error: No available storage method found.
JavaScript error: https://crm-staging-b2b.sparkstone.co.uk/Areas/Mobile/client/build/bundle.js?v=0def69a3592c136822dd line 3145 > eval, line 2743: Error: No available storage method found.
JavaScript error: https://crm-staging-b2b.sparkstone.co.uk/Areas/Mobile/client/build/bundle.js?v=0def69a3592c136822dd line 3145 > eval, line 2743: Error: No available storage method found.
JavaScript error: https://crm-staging-b2b.sparkstone.co.uk/Areas/Mobile/client/build/bundle.js?v=0def69a3592c136822dd line 3145 > eval, line 2743: Error: No available storage method found.
JavaScript error: https://crm-staging-b2b.sparkstone.co.uk/Areas/Mobile/client/build/bundle.js?v=0def69a3592c136822dd line 3145 > eval, line 2743: Error: No available storage method found.
JavaScript error: https://crm-staging-b2b.sparkstone.co.uk/Areas/Mobile/client/build/bundle.js?v=0def69a3592c136822dd line 3145 > eval, line 2743: Error: No available storage method found.
JavaScript error: https://crm-staging-b2b.sparkstone.co.uk/Areas/Mobile/client/build/bundle.js?v=0def69a3592c136822dd line 3145 > eval, line 2743: Error: No available storage method found.
JavaScript error: https://crm-staging-b2b.sparkstone.co.uk/Areas/Mobile/client/build/bundle.js?v=0def69a3592c136822dd line 3145 > eval, line 2743: Error: No available storage method found.
JavaScript error: https://crm-staging-b2b.sparkstone.co.uk/Areas/Mobile/client/build/bundle.js?v=0def69a3592c136822dd line 3145 > eval, line 2743: Error: No available storage method found.
JavaScript error: https://crm-staging-b2b.sparkstone.co.uk/Areas/Mobile/client/build/bundle.js?v=0def69a3592c136822dd line 3145 > eval, line 2743: Error: No available storage method found.
JavaScript error: https://crm-staging-b2b.sparkstone.co.uk/Areas/Mobile/client/build/bundle.js?v=0def69a3592c136822dd line 3145 > eval, line 2743: Error: No available storage method found.
JavaScript error: https://crm-staging-b2b.sparkstone.co.uk/Areas/Mobile/client/build/bundle.js?v=0def69a3592c136822dd line 3145 > eval, line 2743: Error: No available storage method found.
JavaScript error: https://crm-staging-b2b.sparkstone.co.uk/Areas/Mobile/client/build/bundle.js?v=0def69a3592c136822dd line 3145 > eval, line 2743: Error: No available storage method found.
JavaScript error: https://crm-staging-b2b.sparkstone.co.uk/Areas/Mobile/client/build/bundle.js?v=0def69a3592c136822dd line 3145 > eval, line 2743: Error: No available storage method found.
JavaScript error: https://crm-staging-b2b.sparkstone.co.uk/Areas/Mobile/client/build/bundle.js?v=0def69a3592c136822dd line 3145 > eval, line 2743: Error: No available storage method found.
JavaScript error: https://crm-staging-b2b.sparkstone.co.uk/Areas/Mobile/client/build/bundle.js?v=0def69a3592c136822dd line 3145 > eval, line 2743: Error: No available storage method found.
JavaScript error: https://crm-staging-b2b.sparkstone.co.uk/Areas/Mobile/client/build/bundle.js?v=0def69a3592c136822dd line 3145 > eval, line 2743: Error: No available storage method found.
JavaScript error: https://crm-staging-b2b.sparkstone.co.uk/Areas/Mobile/client/build/bundle.js?v=0def69a3592c136822dd line 3145 > eval, line 2743: Error: No available storage method found.
JavaScript error: https://crm-staging-b2b.sparkstone.co.uk/Areas/Mobile/client/build/bundle.js?v=0def69a3592c136822dd line 3145 > eval, line 2743: Error: No available storage method found.
JavaScript error: https://crm-staging-b2b.sparkstone.co.uk/Areas/Mobile/client/build/bundle.js?v=0def69a3592c136822dd line 3145 > eval, line 2743: Error: No available storage method found.
JavaScript error: https://crm-staging-b2b.sparkstone.co.uk/Areas/Mobile/client/build/bundle.js?v=0def69a3592c136822dd line 3145 > eval, line 2743: Error: No available storage method found.
JavaScript error: https://crm-staging-b2b.sparkstone.co.uk/Areas/Mobile/client/build/bundle.js?v=0def69a3592c136822dd line 3145 > eval, line 2743: Error: No available storage method found.
JavaScript error: https://crm-staging-b2b.sparkstone.co.uk/Areas/Mobile/client/build/bundle.js?v=0def69a3592c136822dd line 3145 > eval, line 2743: Error: No available storage method found.
JavaScript error: https://crm-staging-b2b.sparkstone.co.uk/Areas/Mobile/client/build/bundle.js?v=0def69a3592c136822dd line 3145 > eval, line 2743: Error: No available storage method found.
JavaScript error: https://crm-staging-b2b.sparkstone.co.uk/Areas/Mobile/client/build/bundle.js?v=0def69a3592c136822dd line 3145 > eval, line 2743: Error: No available storage method found.
JavaScript error: https://crm-staging-b2b.sparkstone.co.uk/Areas/Mobile/client/build/bundle.js?v=0def69a3592c136822dd line 3145 > eval, line 2743: Error: No available storage method found.
JavaScript error: https://crm-staging-b2b.sparkstone.co.uk/Areas/Mobile/client/build/bundle.js?v=0def69a3592c136822dd line 3145 > eval, line 2743: Error: No available storage method found.
JavaScript error: https://crm-staging-b2b.sparkstone.co.uk/Areas/Mobile/client/build/bundle.js?v=0def69a3592c136822dd line 3145 > eval, line 2743: Error: No available storage method found.
JavaScript error: https://crm-staging-b2b.sparkstone.co.uk/Areas/Mobile/client/build/bundle.js?v=0def69a3592c136822dd line 3145 > eval, line 2743: Error: No available storage method found.
JavaScript error: https://crm-staging-b2b.sparkstone.co.uk/Areas/Mobile/client/build/bundle.js?v=0def69a3592c136822dd line 3145 > eval, line 2743: Error: No available storage method found.
JavaScript error: https://crm-staging-b2b.sparkstone.co.uk/Areas/Mobile/client/build/bundle.js?v=0def69a3592c136822dd line 3145 > eval, line 2743: Error: No available storage method found.
JavaScript error: https://crm-staging-b2b.sparkstone.co.uk/Areas/Mobile/client/build/bundle.js?v=0def69a3592c136822dd line 3145 > eval, line 2743: Error: No available storage method found.
JavaScript error: https://crm-staging-b2b.sparkstone.co.uk/Areas/Mobile/client/build/bundle.js?v=0def69a3592c136822dd line 3145 > eval, line 2743: Error: No available storage method found.
JavaScript error: https://crm-staging-b2b.sparkstone.co.uk/Areas/Mobile/client/build/bundle.js?v=0def69a3592c136822dd line 3145 > eval, line 2743: Error: No available storage method found.
JavaScript error: https://crm-staging-b2b.sparkstone.co.uk/Areas/Mobile/client/build/bundle.js?v=0def69a3592c136822dd line 3145 > eval, line 2743: Error: No available storage method found.
JavaScript error: https://crm-staging-b2b.sparkstone.co.uk/Areas/Mobile/client/build/bundle.js?v=0def69a3592c136822dd line 3145 > eval, line 2743: Error: No available storage method found.
JavaScript error: https://crm-staging-b2b.sparkstone.co.uk/Areas/Mobile/client/build/bundle.js?v=0def69a3592c136822dd line 3145 > eval, line 2743: Error: No available storage method found.
JavaScript error: https://crm-staging-b2b.sparkstone.co.uk/Areas/Mobile/client/build/bundle.js?v=0def69a3592c136822dd line 3145 > eval, line 2743: Error: No available storage method found.
JavaScript error: https://crm-staging-b2b.sparkstone.co.uk/Areas/Mobile/client/build/bundle.js?v=0def69a3592c136822dd line 3145 > eval, line 2743: Error: No available storage method found.
JavaScript error: https://crm-staging-b2b.sparkstone.co.uk/Areas/Mobile/client/build/bundle.js?v=0def69a3592c136822dd line 3145 > eval, line 2743: Error: No available storage method found.
JavaScript error: https://crm-staging-b2b.sparkstone.co.uk/Areas/Mobile/client/build/bundle.js?v=0def69a3592c136822dd line 3145 > eval, line 2743: Error: No available storage method found.
JavaScript error: https://crm-staging-b2b.sparkstone.co.uk/Areas/Mobile/client/build/bundle.js?v=0def69a3592c136822dd line 3145 > eval, line 2743: Error: No available storage method found.
JavaScript error: https://crm-staging-b2b.sparkstone.co.uk/Areas/Mobile/client/build/bundle.js?v=0def69a3592c136822dd line 3145 > eval, line 2743: Error: No available storage method found.
JavaScript error: https://crm-staging-b2b.sparkstone.co.uk/Areas/Mobile/client/build/bundle.js?v=0def69a3592c136822dd line 3145 > eval, line 2743: Error: No available storage method found.
JavaScript error: https://crm-staging-b2b.sparkstone.co.uk/Areas/Mobile/client/build/bundle.js?v=0def69a3592c136822dd line 3145 > eval, line 2743: Error: No available storage method found.
JavaScript error: https://crm-staging-b2b.sparkstone.co.uk/Areas/Mobile/client/build/bundle.js?v=0def69a3592c136822dd line 3145 > eval, line 2743: Error: No available storage method found.
JavaScript error: https://crm-staging-b2b.sparkstone.co.uk/Areas/Mobile/client/build/bundle.js?v=0def69a3592c136822dd line 3145 > eval, line 2743: Error: No available storage method found.
JavaScript error: https://crm-staging-b2b.sparkstone.co.uk/Areas/Mobile/client/build/bundle.js?v=0def69a3592c136822dd line 3145 > eval, line 2743: Error: No available storage method found.
JavaScript error: https://crm-staging-b2b.sparkstone.co.uk/Areas/Mobile/client/build/bundle.js?v=0def69a3592c136822dd line 3145 > eval, line 2743: Error: No available storage method found.
JavaScript error: https://crm-staging-b2b.sparkstone.co.uk/Areas/Mobile/client/build/bundle.js?v=0def69a3592c136822dd line 3145 > eval, line 2743: Error: No available storage method found.
JavaScript error: https://crm-staging-b2b.sparkstone.co.uk/Areas/Mobile/client/build/bundle.js?v=0def69a3592c136822dd line 3145 > eval, line 2743: Error: No available storage method found.
JavaScript error: https://crm-staging-b2b.sparkstone.co.uk/Areas/Mobile/client/build/bundle.js?v=0def69a3592c136822dd line 3145 > eval, line 2743: Error: No available storage method found.
JavaScript error: https://crm-staging-b2b.sparkstone.co.uk/Areas/Mobile/client/build/bundle.js?v=0def69a3592c136822dd line 3145 > eval, line 2743: Error: No available storage method found.
JavaScript error: https://crm-staging-b2b.sparkstone.co.uk/Areas/Mobile/client/build/bundle.js?v=0def69a3592c136822dd line 3145 > eval, line 2743: Error: No available storage method found.
JavaScript error: https://crm-staging-b2b.sparkstone.co.uk/Areas/Mobile/client/build/bundle.js?v=0def69a3592c136822dd line 3145 > eval, line 2743: Error: No available storage method found.
JavaScript error: https://crm-staging-b2b.sparkstone.co.uk/Areas/Mobile/client/build/bundle.js?v=0def69a3592c136822dd line 3145 > eval, line 2743: Error: No available storage method found.
JavaScript error: https://crm-staging-b2b.sparkstone.co.uk/Areas/Mobile/client/build/bundle.js?v=0def69a3592c136822dd line 3145 > eval, line 2743: Error: No available storage method found.
JavaScript error: https://crm-staging-b2b.sparkstone.co.uk/Areas/Mobile/client/build/bundle.js?v=0def69a3592c136822dd line 3145 > eval, line 2743: Error: No available storage method found.
JavaScript error: https://crm-staging-b2b.sparkstone.co.uk/Areas/Mobile/client/build/bundle.js?v=0def69a3592c136822dd line 3145 > eval, line 2743: Error: No available storage method found.
JavaScript error: https://crm-staging-b2b.sparkstone.co.uk/Areas/Mobile/client/build/bundle.js?v=0def69a3592c136822dd line 3145 > eval, line 2743: Error: No available storage method found.
JavaScript error: https://crm-staging-b2b.sparkstone.co.uk/Areas/Mobile/client/build/bundle.js?v=0def69a3592c136822dd line 3145 > eval, line 2743: Error: No available storage method found.
JavaScript error: https://crm-staging-b2b.sparkstone.co.uk/Areas/Mobile/client/build/bundle.js?v=0def69a3592c136822dd line 3145 > eval, line 2743: Error: No available storage method found.
JavaScript error: https://crm-staging-b2b.sparkstone.co.uk/Areas/Mobile/client/build/bundle.js?v=0def69a3592c136822dd line 3145 > eval, line 2743: Error: No available storage method found.
JavaScript error: https://crm-staging-b2b.sparkstone.co.uk/Areas/Mobile/client/build/bundle.js?v=0def69a3592c136822dd line 3145 > eval, line 2743: Error: No available storage method found.
JavaScript error: https://crm-staging-b2b.sparkstone.co.uk/Areas/Mobile/client/build/bundle.js?v=0def69a3592c136822dd line 3145 > eval, line 2743: Error: No available storage method found.
JavaScript error: https://crm-staging-b2b.sparkstone.co.uk/Areas/Mobile/client/build/bundle.js?v=0def69a3592c136822dd line 3145 > eval, line 2743: Error: No available storage method found.
JavaScript error: https://crm-staging-b2b.sparkstone.co.uk/Areas/Mobile/client/build/bundle.js?v=0def69a3592c136822dd line 3145 > eval, line 2743: Error: No available storage method found.
JavaScript error: https://crm-staging-b2b.sparkstone.co.uk/Areas/Mobile/client/build/bundle.js?v=0def69a3592c136822dd line 3145 > eval, line 2743: Error: No available storage method found.
JavaScript error: https://crm-staging-b2b.sparkstone.co.uk/Areas/Mobile/client/build/bundle.js?v=0def69a3592c136822dd line 3145 > eval, line 2743: Error: No available storage method found.
JavaScript error: https://crm-staging-b2b.sparkstone.co.uk/Areas/Mobile/client/build/bundle.js?v=0def69a3592c136822dd line 3145 > eval, line 2743: Error: No available storage method found.
JavaScript error: https://crm-staging-b2b.sparkstone.co.uk/Areas/Mobile/client/build/bundle.js?v=0def69a3592c136822dd line 3145 > eval, line 2743: Error: No available storage method found.
JavaScript error: https://crm-staging-b2b.sparkstone.co.uk/Areas/Mobile/client/build/bundle.js?v=0def69a3592c136822dd line 3145 > eval, line 2743: Error: No available storage method found.
JavaScript error: https://crm-staging-b2b.sparkstone.co.uk/Areas/Mobile/client/build/bundle.js?v=0def69a3592c136822dd line 3145 > eval, line 2743: Error: No available storage method found.
JavaScript error: https://crm-staging-b2b.sparkstone.co.uk/Areas/Mobile/client/build/bundle.js?v=0def69a3592c136822dd line 3145 > eval, line 2743: Error: No available storage method found.
JavaScript error: https://crm-staging-b2b.sparkstone.co.uk/Areas/Mobile/client/build/bundle.js?v=0def69a3592c136822dd line 3145 > eval, line 2743: Error: No available storage method found.
JavaScript error: https://crm-staging-b2b.sparkstone.co.uk/Areas/Mobile/client/build/bundle.js?v=0def69a3592c136822dd line 3145 > eval, line 2743: Error: No available storage method found.
JavaScript error: https://crm-staging-b2b.sparkstone.co.uk/Areas/Mobile/client/build/bundle.js?v=0def69a3592c136822dd line 3145 > eval, line 2743: Error: No available storage method found.
JavaScript error: https://crm-staging-b2b.sparkstone.co.uk/Areas/Mobile/client/build/bundle.js?v=0def69a3592c136822dd line 3145 > eval, line 2743: Error: No available storage method found.
JavaScript error: https://crm-staging-b2b.sparkstone.co.uk/Areas/Mobile/client/build/bundle.js?v=0def69a3592c136822dd line 3145 > eval, line 2743: Error: No available storage method found.
JavaScript error: https://crm-staging-b2b.sparkstone.co.uk/Areas/Mobile/client/build/bundle.js?v=0def69a3592c136822dd line 3145 > eval, line 2743: Error: No available storage method found.
JavaScript error: https://crm-staging-b2b.sparkstone.co.uk/Areas/Mobile/client/build/bundle.js?v=0def69a3592c136822dd line 3145 > eval, line 2743: Error: No available storage method found.
JavaScript error: https://crm-staging-b2b.sparkstone.co.uk/Areas/Mobile/client/build/bundle.js?v=0def69a3592c136822dd line 3145 > eval, line 2743: Error: No available storage method found.
JavaScript error: https://crm-staging-b2b.sparkstone.co.uk/Areas/Mobile/client/build/bundle.js?v=0def69a3592c136822dd line 3145 > eval, line 2743: Error: No available storage method found.
JavaScript error: https://crm-staging-b2b.sparkstone.co.uk/Areas/Mobile/client/build/bundle.js?v=0def69a3592c136822dd line 3145 > eval, line 2743: Error: No available storage method found.
JavaScript error: https://crm-staging-b2b.sparkstone.co.uk/Areas/Mobile/client/build/bundle.js?v=0def69a3592c136822dd line 3145 > eval, line 2743: Error: No available storage method found.
JavaScript error: https://crm-staging-b2b.sparkstone.co.uk/Areas/Mobile/client/build/bundle.js?v=0def69a3592c136822dd line 3145 > eval, line 2743: Error: No available storage method found.
JavaScript error: https://crm-staging-b2b.sparkstone.co.uk/Areas/Mobile/client/build/bundle.js?v=0def69a3592c136822dd line 3145 > eval, line 2743: Error: No available storage method found.
JavaScript error: https://crm-staging-b2b.sparkstone.co.uk/Areas/Mobile/client/build/bundle.js?v=0def69a3592c136822dd line 3145 > eval, line 2743: Error: No available storage method found.
JavaScript error: https://crm-staging-b2b.sparkstone.co.uk/Areas/Mobile/client/build/bundle.js?v=0def69a3592c136822dd line 3145 > eval, line 2743: Error: No available storage method found.
JavaScript error: https://crm-staging-b2b.sparkstone.co.uk/Areas/Mobile/client/build/bundle.js?v=0def69a3592c136822dd line 3145 > eval, line 2743: Error: No available storage method found.
JavaScript error: https://crm-staging-b2b.sparkstone.co.uk/Areas/Mobile/client/build/bundle.js?v=0def69a3592c136822dd line 3145 > eval, line 2743: Error: No available storage method found.
JavaScript error: https://crm-staging-b2b.sparkstone.co.uk/Areas/Mobile/client/build/bundle.js?v=0def69a3592c136822dd line 3145 > eval, line 2743: Error: No available storage method found.
JavaScript error: https://crm-staging-b2b.sparkstone.co.uk/Areas/Mobile/client/build/bundle.js?v=0def69a3592c136822dd line 3145 > eval, line 2743: Error: No available storage method found.
JavaScript error: https://crm-staging-b2b.sparkstone.co.uk/Areas/Mobile/client/build/bundle.js?v=0def69a3592c136822dd line 3145 > eval, line 2743: Error: No available storage method found.
JavaScript error: https://crm-staging-b2b.sparkstone.co.uk/Areas/Mobile/client/build/bundle.js?v=0def69a3592c136822dd line 3145 > eval, line 2743: Error: No available storage method found.
JavaScript error: https://crm-staging-b2b.sparkstone.co.uk/Areas/Mobile/client/build/bundle.js?v=0def69a3592c136822dd line 3145 > eval, line 2743: Error: No available storage method found.
JavaScript error: https://crm-staging-b2b.sparkstone.co.uk/Areas/Mobile/client/build/bundle.js?v=0def69a3592c136822dd line 3145 > eval, line 2743: Error: No available storage method found.
JavaScript error: https://crm-staging-b2b.sparkstone.co.uk/Areas/Mobile/client/build/bundle.js?v=0def69a3592c136822dd line 3145 > eval, line 2743: Error: No available storage method found.
JavaScript error: https://crm-staging-b2b.sparkstone.co.uk/Areas/Mobile/client/build/bundle.js?v=0def69a3592c136822dd line 3145 > eval, line 2743: Error: No available storage method found.
JavaScript error: https://crm-staging-b2b.sparkstone.co.uk/Areas/Mobile/client/build/bundle.js?v=0def69a3592c136822dd line 3145 > eval, line 2743: Error: No available storage method found.
JavaScript error: https://crm-staging-b2b.sparkstone.co.uk/Areas/Mobile/client/build/bundle.js?v=0def69a3592c136822dd line 3145 > eval, line 2743: Error: No available storage method found.
JavaScript error: https://crm-staging-b2b.sparkstone.co.uk/Areas/Mobile/client/build/bundle.js?v=0def69a3592c136822dd line 3145 > eval, line 2743: Error: No available storage method found.
JavaScript error: https://crm-staging-b2b.sparkstone.co.uk/Areas/Mobile/client/build/bundle.js?v=0def69a3592c136822dd line 3145 > eval, line 2743: Error: No available storage method found.
JavaScript error: https://crm-staging-b2b.sparkstone.co.uk/Areas/Mobile/client/build/bundle.js?v=0def69a3592c136822dd line 3145 > eval, line 2743: Error: No available storage method found.
JavaScript error: https://crm-staging-b2b.sparkstone.co.uk/Areas/Mobile/client/build/bundle.js?v=0def69a3592c136822dd line 3145 > eval, line 2743: Error: No available storage method found.
JavaScript error: https://crm-staging-b2b.sparkstone.co.uk/Areas/Mobile/client/build/bundle.js?v=0def69a3592c136822dd line 3145 > eval, line 2743: Error: No available storage method found.
JavaScript error: https://crm-staging-b2b.sparkstone.co.uk/Areas/Mobile/client/build/bundle.js?v=0def69a3592c136822dd line 3145 > eval, line 2743: Error: No available storage method found.
JavaScript error: https://crm-staging-b2b.sparkstone.co.uk/Areas/Mobile/client/build/bundle.js?v=0def69a3592c136822dd line 3145 > eval, line 2743: Error: No available storage method found.
JavaScript error: https://crm-staging-b2b.sparkstone.co.uk/Areas/Mobile/client/build/bundle.js?v=0def69a3592c136822dd line 3145 > eval, line 2743: Error: No available storage method found.
JavaScript error: https://crm-staging-b2b.sparkstone.co.uk/Areas/Mobile/client/build/bundle.js?v=0def69a3592c136822dd line 3145 > eval, line 2743: Error: No available storage method found.
JavaScript error: https://crm-staging-b2b.sparkstone.co.uk/Areas/Mobile/client/build/bundle.js?v=0def69a3592c136822dd line 3145 > eval, line 2743: Error: No available storage method found.
JavaScript error: https://crm-staging-b2b.sparkstone.co.uk/Areas/Mobile/client/build/bundle.js?v=0def69a3592c136822dd line 3145 > eval, line 2743: Error: No available storage method found.
JavaScript error: https://crm-staging-b2b.sparkstone.co.uk/Areas/Mobile/client/build/bundle.js?v=0def69a3592c136822dd line 3145 > eval, line 2743: Error: No available storage method found.
JavaScript error: https://crm-staging-b2b.sparkstone.co.uk/Areas/Mobile/client/build/bundle.js?v=0def69a3592c136822dd line 3145 > eval, line 2743: Error: No available storage method found.
JavaScript error: https://crm-staging-b2b.sparkstone.co.uk/Areas/Mobile/client/build/bundle.js?v=0def69a3592c136822dd line 3145 > eval, line 2743: Error: No available storage method found.
JavaScript error: https://crm-staging-b2b.sparkstone.co.uk/Areas/Mobile/client/build/bundle.js?v=0def69a3592c136822dd line 3145 > eval, line 2743: Error: No available storage method found.
JavaScript error: https://crm-staging-b2b.sparkstone.co.uk/Areas/Mobile/client/build/bundle.js?v=0def69a3592c136822dd line 3145 > eval, line 2743: Error: No available storage method found.
1600937393526	Marionette	INFO	Stopped listening on port 64114
JavaScript error: webpack-internal:///714, line 10: NS_ERROR_NOT_INITIALIZED: 

###!!! [Child][RunMessage] Error: Channel closing: too late to send/recv, messages will be lost


###!!! [Child][MessageChannel::SendAndWait] Error: Channel error: cannot send/recv

1600945102358	geckodriver	INFO	Listening on 127.0.0.1:49491
1600945105428	mozrunner::runner	INFO	Running command: "C:\\Program Files\\Firefox Developer Edition\\firefox.exe" "--marionette" "-foreground" "-no-remote" "-profile" "C:\\Users\\mrina\\AppData\\Local\\Temp\\rust_mozprofileSFpIFI"
Can't find symbol 'eglSwapBuffersWithDamageEXT'.
JavaScript error: resource://gre/modules/XULStore.jsm, line 66: Error: Can't find profile directory.
console.error: SearchCache: "_readCacheFile: Error reading cache file:" (new Error("", "(unknown module)"))
1600945108314	Marionette	INFO	Listening on port 49500
1600945108562	Marionette	WARN	TLS certificate errors will be ignored for this session
JavaScript error: https://crm-staging-b2b.sparkstone.co.uk/account/Login?ReturnUrl=%2fmobile%2fmHome, line 262: ReferenceError: openDatabase is not defined
JavaScript error: https://crm-staging-b2b.sparkstone.co.uk/Areas/Mobile/client/build/bundle.js?v=0def69a3592c136822dd line 3145 > eval, line 2743: Error: No available storage method found.
JavaScript error: https://crm-staging-b2b.sparkstone.co.uk/Areas/Mobile/client/build/bundle.js?v=0def69a3592c136822dd line 3145 > eval, line 2743: Error: No available storage method found.
JavaScript error: https://crm-staging-b2b.sparkstone.co.uk/Areas/Mobile/client/build/bundle.js?v=0def69a3592c136822dd line 3145 > eval, line 2743: Error: No available storage method found.
JavaScript error: https://crm-staging-b2b.sparkstone.co.uk/Areas/Mobile/client/build/bundle.js?v=0def69a3592c136822dd line 3145 > eval, line 2743: Error: No available storage method found.
JavaScript error: https://crm-staging-b2b.sparkstone.co.uk/Areas/Mobile/client/build/bundle.js?v=0def69a3592c136822dd line 3145 > eval, line 2743: Error: No available storage method found.
JavaScript error: https://crm-staging-b2b.sparkstone.co.uk/Areas/Mobile/client/build/bundle.js?v=0def69a3592c136822dd line 3145 > eval, line 2743: Error: No available storage method found.
JavaScript error: https://crm-staging-b2b.sparkstone.co.uk/Areas/Mobile/client/build/bundle.js?v=0def69a3592c136822dd line 3145 > eval, line 2743: Error: No available storage method found.
JavaScript error: https://crm-staging-b2b.sparkstone.co.uk/Areas/Mobile/client/build/bundle.js?v=0def69a3592c136822dd line 3145 > eval, line 2743: Error: No available storage method found.
JavaScript error: https://crm-staging-b2b.sparkstone.co.uk/Areas/Mobile/client/build/bundle.js?v=0def69a3592c136822dd line 3145 > eval, line 2743: Error: No available storage method found.
JavaScript error: https://crm-staging-b2b.sparkstone.co.uk/Areas/Mobile/client/build/bundle.js?v=0def69a3592c136822dd line 3145 > eval, line 2743: Error: No available storage method found.
JavaScript error: https://crm-staging-b2b.sparkstone.co.uk/Areas/Mobile/client/build/bundle.js?v=0def69a3592c136822dd line 3145 > eval, line 2743: Error: No available storage method found.
JavaScript error: https://crm-staging-b2b.sparkstone.co.uk/Areas/Mobile/client/build/bundle.js?v=0def69a3592c136822dd line 3145 > eval, line 2743: Error: No available storage method found.
JavaScript error: https://crm-staging-b2b.sparkstone.co.uk/Areas/Mobile/client/build/bundle.js?v=0def69a3592c136822dd line 3145 > eval, line 2743: Error: No available storage method found.
JavaScript error: https://crm-staging-b2b.sparkstone.co.uk/Areas/Mobile/client/build/bundle.js?v=0def69a3592c136822dd line 3145 > eval, line 2743: Error: No available storage method found.
JavaScript error: https://crm-staging-b2b.sparkstone.co.uk/Areas/Mobile/client/build/bundle.js?v=0def69a3592c136822dd line 3145 > eval, line 2743: Error: No available storage method found.
JavaScript error: https://crm-staging-b2b.sparkstone.co.uk/Areas/Mobile/client/build/bundle.js?v=0def69a3592c136822dd line 3145 > eval, line 2743: Error: No available storage method found.
JavaScript error: https://crm-staging-b2b.sparkstone.co.uk/Areas/Mobile/client/build/bundle.js?v=0def69a3592c136822dd line 3145 > eval, line 2743: Error: No available storage method found.
JavaScript error: https://crm-staging-b2b.sparkstone.co.uk/Areas/Mobile/client/build/bundle.js?v=0def69a3592c136822dd line 3145 > eval, line 2743: Error: No available storage method found.
JavaScript error: https://crm-staging-b2b.sparkstone.co.uk/Areas/Mobile/client/build/bundle.js?v=0def69a3592c136822dd line 3145 > eval, line 2743: Error: No available storage method found.
JavaScript error: https://crm-staging-b2b.sparkstone.co.uk/Areas/Mobile/client/build/bundle.js?v=0def69a3592c136822dd line 3145 > eval, line 2743: Error: No available storage method found.
JavaScript error: https://crm-staging-b2b.sparkstone.co.uk/Areas/Mobile/client/build/bundle.js?v=0def69a3592c136822dd line 3145 > eval, line 2743: Error: No available storage method found.
JavaScript error: https://crm-staging-b2b.sparkstone.co.uk/Areas/Mobile/client/build/bundle.js?v=0def69a3592c136822dd line 3145 > eval, line 2743: Error: No available storage method found.
JavaScript error: https://crm-staging-b2b.sparkstone.co.uk/Areas/Mobile/client/build/bundle.js?v=0def69a3592c136822dd line 3145 > eval, line 2743: Error: No available storage method found.
JavaScript error: https://crm-staging-b2b.sparkstone.co.uk/Areas/Mobile/client/build/bundle.js?v=0def69a3592c136822dd line 3145 > eval, line 2743: Error: No available storage method found.
JavaScript error: https://crm-staging-b2b.sparkstone.co.uk/Areas/Mobile/client/build/bundle.js?v=0def69a3592c136822dd line 3145 > eval, line 2743: Error: No available storage method found.
JavaScript error: https://crm-staging-b2b.sparkstone.co.uk/Areas/Mobile/client/build/bundle.js?v=0def69a3592c136822dd line 3145 > eval, line 2743: Error: No available storage method found.
JavaScript error: https://crm-staging-b2b.sparkstone.co.uk/Areas/Mobile/client/build/bundle.js?v=0def69a3592c136822dd line 3145 > eval, line 2743: Error: No available storage method found.
JavaScript error: https://crm-staging-b2b.sparkstone.co.uk/Areas/Mobile/client/build/bundle.js?v=0def69a3592c136822dd line 3145 > eval, line 2743: Error: No available storage method found.
JavaScript error: https://crm-staging-b2b.sparkstone.co.uk/Areas/Mobile/client/build/bundle.js?v=0def69a3592c136822dd line 3145 > eval, line 2743: Error: No available storage method found.
JavaScript error: https://crm-staging-b2b.sparkstone.co.uk/Areas/Mobile/client/build/bundle.js?v=0def69a3592c136822dd line 3145 > eval, line 2743: Error: No available storage method found.
JavaScript error: https://crm-staging-b2b.sparkstone.co.uk/Areas/Mobile/client/build/bundle.js?v=0def69a3592c136822dd line 3145 > eval, line 2743: Error: No available storage method found.
JavaScript error: https://crm-staging-b2b.sparkstone.co.uk/Areas/Mobile/client/build/bundle.js?v=0def69a3592c136822dd line 3145 > eval, line 2743: Error: No available storage method found.
JavaScript error: https://crm-staging-b2b.sparkstone.co.uk/Areas/Mobile/client/build/bundle.js?v=0def69a3592c136822dd line 3145 > eval, line 2743: Error: No available storage method found.
JavaScript error: https://crm-staging-b2b.sparkstone.co.uk/Areas/Mobile/client/build/bundle.js?v=0def69a3592c136822dd line 3145 > eval, line 2743: Error: No available storage method found.
JavaScript error: https://crm-staging-b2b.sparkstone.co.uk/Areas/Mobile/client/build/bundle.js?v=0def69a3592c136822dd line 3145 > eval, line 2743: Error: No available storage method found.
JavaScript error: https://crm-staging-b2b.sparkstone.co.uk/Areas/Mobile/client/build/bundle.js?v=0def69a3592c136822dd line 3145 > eval, line 2743: Error: No available storage method found.
JavaScript error: https://crm-staging-b2b.sparkstone.co.uk/Areas/Mobile/client/build/bundle.js?v=0def69a3592c136822dd line 3145 > eval, line 2743: Error: No available storage method found.
JavaScript error: https://crm-staging-b2b.sparkstone.co.uk/Areas/Mobile/client/build/bundle.js?v=0def69a3592c136822dd line 3145 > eval, line 2743: Error: No available storage method found.
JavaScript error: https://crm-staging-b2b.sparkstone.co.uk/Areas/Mobile/client/build/bundle.js?v=0def69a3592c136822dd line 3145 > eval, line 2743: Error: No available storage method found.
JavaScript error: https://crm-staging-b2b.sparkstone.co.uk/Areas/Mobile/client/build/bundle.js?v=0def69a3592c136822dd line 3145 > eval, line 2743: Error: No available storage method found.
JavaScript error: https://crm-staging-b2b.sparkstone.co.uk/Areas/Mobile/client/build/bundle.js?v=0def69a3592c136822dd line 3145 > eval, line 2743: Error: No available storage method found.
JavaScript error: https://crm-staging-b2b.sparkstone.co.uk/Areas/Mobile/client/build/bundle.js?v=0def69a3592c136822dd line 3145 > eval, line 2743: Error: No available storage method found.
JavaScript error: https://crm-staging-b2b.sparkstone.co.uk/Areas/Mobile/client/build/bundle.js?v=0def69a3592c136822dd line 3145 > eval, line 2743: Error: No available storage method found.
JavaScript error: https://crm-staging-b2b.sparkstone.co.uk/Areas/Mobile/client/build/bundle.js?v=0def69a3592c136822dd line 3145 > eval, line 2743: Error: No available storage method found.
JavaScript error: https://crm-staging-b2b.sparkstone.co.uk/Areas/Mobile/client/build/bundle.js?v=0def69a3592c136822dd line 3145 > eval, line 2743: Error: No available storage method found.
JavaScript error: https://crm-staging-b2b.sparkstone.co.uk/Areas/Mobile/client/build/bundle.js?v=0def69a3592c136822dd line 3145 > eval, line 2743: Error: No available storage method found.
JavaScript error: https://crm-staging-b2b.sparkstone.co.uk/Areas/Mobile/client/build/bundle.js?v=0def69a3592c136822dd line 3145 > eval, line 2743: Error: No available storage method found.
JavaScript error: https://crm-staging-b2b.sparkstone.co.uk/Areas/Mobile/client/build/bundle.js?v=0def69a3592c136822dd line 3145 > eval, line 2743: Error: No available storage method found.
JavaScript error: https://crm-staging-b2b.sparkstone.co.uk/Areas/Mobile/client/build/bundle.js?v=0def69a3592c136822dd line 3145 > eval, line 2743: Error: No available storage method found.
JavaScript error: https://crm-staging-b2b.sparkstone.co.uk/Areas/Mobile/client/build/bundle.js?v=0def69a3592c136822dd line 3145 > eval, line 2743: Error: No available storage method found.
JavaScript error: https://crm-staging-b2b.sparkstone.co.uk/Areas/Mobile/client/build/bundle.js?v=0def69a3592c136822dd line 3145 > eval, line 2743: Error: No available storage method found.
JavaScript error: https://crm-staging-b2b.sparkstone.co.uk/Areas/Mobile/client/build/bundle.js?v=0def69a3592c136822dd line 3145 > eval, line 2743: Error: No available storage method found.
JavaScript error: https://crm-staging-b2b.sparkstone.co.uk/Areas/Mobile/client/build/bundle.js?v=0def69a3592c136822dd line 3145 > eval, line 2743: Error: No available storage method found.
JavaScript error: https://crm-staging-b2b.sparkstone.co.uk/Areas/Mobile/client/build/bundle.js?v=0def69a3592c136822dd line 3145 > eval, line 2743: Error: No available storage method found.
JavaScript error: https://crm-staging-b2b.sparkstone.co.uk/Areas/Mobile/client/build/bundle.js?v=0def69a3592c136822dd line 3145 > eval, line 2743: Error: No available storage method found.
JavaScript error: https://crm-staging-b2b.sparkstone.co.uk/Areas/Mobile/client/build/bundle.js?v=0def69a3592c136822dd line 3145 > eval, line 2743: Error: No available storage method found.
JavaScript error: https://crm-staging-b2b.sparkstone.co.uk/Areas/Mobile/client/build/bundle.js?v=0def69a3592c136822dd line 3145 > eval, line 2743: Error: No available storage method found.
JavaScript error: https://crm-staging-b2b.sparkstone.co.uk/Areas/Mobile/client/build/bundle.js?v=0def69a3592c136822dd line 3145 > eval, line 2743: Error: No available storage method found.
JavaScript error: https://crm-staging-b2b.sparkstone.co.uk/Areas/Mobile/client/build/bundle.js?v=0def69a3592c136822dd line 3145 > eval, line 2743: Error: No available storage method found.
JavaScript error: https://crm-staging-b2b.sparkstone.co.uk/Areas/Mobile/client/build/bundle.js?v=0def69a3592c136822dd line 3145 > eval, line 2743: Error: No available storage method found.
JavaScript error: https://crm-staging-b2b.sparkstone.co.uk/Areas/Mobile/client/build/bundle.js?v=0def69a3592c136822dd line 3145 > eval, line 2743: Error: No available storage method found.
JavaScript error: https://crm-staging-b2b.sparkstone.co.uk/Areas/Mobile/client/build/bundle.js?v=0def69a3592c136822dd line 3145 > eval, line 2743: Error: No available storage method found.
JavaScript error: https://crm-staging-b2b.sparkstone.co.uk/Areas/Mobile/client/build/bundle.js?v=0def69a3592c136822dd line 3145 > eval, line 2743: Error: No available storage method found.
JavaScript error: https://crm-staging-b2b.sparkstone.co.uk/Areas/Mobile/client/build/bundle.js?v=0def69a3592c136822dd line 3145 > eval, line 2743: Error: No available storage method found.
JavaScript error: https://crm-staging-b2b.sparkstone.co.uk/Areas/Mobile/client/build/bundle.js?v=0def69a3592c136822dd line 3145 > eval, line 2743: Error: No available storage method found.
JavaScript error: https://crm-staging-b2b.sparkstone.co.uk/Areas/Mobile/client/build/bundle.js?v=0def69a3592c136822dd line 3145 > eval, line 2743: Error: No available storage method found.
JavaScript error: https://crm-staging-b2b.sparkstone.co.uk/Areas/Mobile/client/build/bundle.js?v=0def69a3592c136822dd line 3145 > eval, line 2743: Error: No available storage method found.
JavaScript error: https://crm-staging-b2b.sparkstone.co.uk/Areas/Mobile/client/build/bundle.js?v=0def69a3592c136822dd line 3145 > eval, line 2743: Error: No available storage method found.
JavaScript error: https://crm-staging-b2b.sparkstone.co.uk/Areas/Mobile/client/build/bundle.js?v=0def69a3592c136822dd line 3145 > eval, line 2743: Error: No available storage method found.
JavaScript error: https://crm-staging-b2b.sparkstone.co.uk/Areas/Mobile/client/build/bundle.js?v=0def69a3592c136822dd line 3145 > eval, line 2743: Error: No available storage method found.
JavaScript error: https://crm-staging-b2b.sparkstone.co.uk/Areas/Mobile/client/build/bundle.js?v=0def69a3592c136822dd line 3145 > eval, line 2743: Error: No available storage method found.
JavaScript error: https://crm-staging-b2b.sparkstone.co.uk/Areas/Mobile/client/build/bundle.js?v=0def69a3592c136822dd line 3145 > eval, line 2743: Error: No available storage method found.
JavaScript error: https://crm-staging-b2b.sparkstone.co.uk/Areas/Mobile/client/build/bundle.js?v=0def69a3592c136822dd line 3145 > eval, line 2743: Error: No available storage method found.
JavaScript error: https://crm-staging-b2b.sparkstone.co.uk/Areas/Mobile/client/build/bundle.js?v=0def69a3592c136822dd line 3145 > eval, line 2743: Error: No available storage method found.
JavaScript error: https://crm-staging-b2b.sparkstone.co.uk/Areas/Mobile/client/build/bundle.js?v=0def69a3592c136822dd line 3145 > eval, line 2743: Error: No available storage method found.
JavaScript error: https://crm-staging-b2b.sparkstone.co.uk/Areas/Mobile/client/build/bundle.js?v=0def69a3592c136822dd line 3145 > eval, line 2743: Error: No available storage method found.
JavaScript error: https://crm-staging-b2b.sparkstone.co.uk/Areas/Mobile/client/build/bundle.js?v=0def69a3592c136822dd line 3145 > eval, line 2743: Error: No available storage method found.
JavaScript error: https://crm-staging-b2b.sparkstone.co.uk/Areas/Mobile/client/build/bundle.js?v=0def69a3592c136822dd line 3145 > eval, line 2743: Error: No available storage method found.
JavaScript error: https://crm-staging-b2b.sparkstone.co.uk/Areas/Mobile/client/build/bundle.js?v=0def69a3592c136822dd line 3145 > eval, line 2743: Error: No available storage method found.
JavaScript error: https://crm-staging-b2b.sparkstone.co.uk/Areas/Mobile/client/build/bundle.js?v=0def69a3592c136822dd line 3145 > eval, line 2743: Error: No available storage method found.
JavaScript error: https://crm-staging-b2b.sparkstone.co.uk/Areas/Mobile/client/build/bundle.js?v=0def69a3592c136822dd line 3145 > eval, line 2743: Error: No available storage method found.
JavaScript error: https://crm-staging-b2b.sparkstone.co.uk/Areas/Mobile/client/build/bundle.js?v=0def69a3592c136822dd line 3145 > eval, line 2743: Error: No available storage method found.
JavaScript error: https://crm-staging-b2b.sparkstone.co.uk/Areas/Mobile/client/build/bundle.js?v=0def69a3592c136822dd line 3145 > eval, line 2743: Error: No available storage method found.
JavaScript error: https://crm-staging-b2b.sparkstone.co.uk/Areas/Mobile/client/build/bundle.js?v=0def69a3592c136822dd line 3145 > eval, line 2743: Error: No available storage method found.
JavaScript error: https://crm-staging-b2b.sparkstone.co.uk/Areas/Mobile/client/build/bundle.js?v=0def69a3592c136822dd line 3145 > eval, line 2743: Error: No available storage method found.
JavaScript error: https://crm-staging-b2b.sparkstone.co.uk/Areas/Mobile/client/build/bundle.js?v=0def69a3592c136822dd line 3145 > eval, line 2743: Error: No available storage method found.
JavaScript error: https://crm-staging-b2b.sparkstone.co.uk/Areas/Mobile/client/build/bundle.js?v=0def69a3592c136822dd line 3145 > eval, line 2743: Error: No available storage method found.
JavaScript error: https://crm-staging-b2b.sparkstone.co.uk/Areas/Mobile/client/build/bundle.js?v=0def69a3592c136822dd line 3145 > eval, line 2743: Error: No available storage method found.
JavaScript error: https://crm-staging-b2b.sparkstone.co.uk/Areas/Mobile/client/build/bundle.js?v=0def69a3592c136822dd line 3145 > eval, line 2743: Error: No available storage method found.
JavaScript error: https://crm-staging-b2b.sparkstone.co.uk/Areas/Mobile/client/build/bundle.js?v=0def69a3592c136822dd line 3145 > eval, line 2743: Error: No available storage method found.
JavaScript error: https://crm-staging-b2b.sparkstone.co.uk/Areas/Mobile/client/build/bundle.js?v=0def69a3592c136822dd line 3145 > eval, line 2743: Error: No available storage method found.
JavaScript error: https://crm-staging-b2b.sparkstone.co.uk/Areas/Mobile/client/build/bundle.js?v=0def69a3592c136822dd line 3145 > eval, line 2743: Error: No available storage method found.
JavaScript error: https://crm-staging-b2b.sparkstone.co.uk/Areas/Mobile/client/build/bundle.js?v=0def69a3592c136822dd line 3145 > eval, line 2743: Error: No available storage method found.
JavaScript error: https://crm-staging-b2b.sparkstone.co.uk/Areas/Mobile/client/build/bundle.js?v=0def69a3592c136822dd line 3145 > eval, line 2743: Error: No available storage method found.
JavaScript error: https://crm-staging-b2b.sparkstone.co.uk/Areas/Mobile/client/build/bundle.js?v=0def69a3592c136822dd line 3145 > eval, line 2743: Error: No available storage method found.
JavaScript error: https://crm-staging-b2b.sparkstone.co.uk/Areas/Mobile/client/build/bundle.js?v=0def69a3592c136822dd line 3145 > eval, line 2743: Error: No available storage method found.
JavaScript error: https://crm-staging-b2b.sparkstone.co.uk/Areas/Mobile/client/build/bundle.js?v=0def69a3592c136822dd line 3145 > eval, line 2743: Error: No available storage method found.
JavaScript error: https://crm-staging-b2b.sparkstone.co.uk/Areas/Mobile/client/build/bundle.js?v=0def69a3592c136822dd line 3145 > eval, line 2743: Error: No available storage method found.
JavaScript error: https://crm-staging-b2b.sparkstone.co.uk/Areas/Mobile/client/build/bundle.js?v=0def69a3592c136822dd line 3145 > eval, line 2743: Error: No available storage method found.
JavaScript error: https://crm-staging-b2b.sparkstone.co.uk/Areas/Mobile/client/build/bundle.js?v=0def69a3592c136822dd line 3145 > eval, line 2743: Error: No available storage method found.
JavaScript error: https://crm-staging-b2b.sparkstone.co.uk/Areas/Mobile/client/build/bundle.js?v=0def69a3592c136822dd line 3145 > eval, line 2743: Error: No available storage method found.
JavaScript error: https://crm-staging-b2b.sparkstone.co.uk/Areas/Mobile/client/build/bundle.js?v=0def69a3592c136822dd line 3145 > eval, line 2743: Error: No available storage method found.
JavaScript error: https://crm-staging-b2b.sparkstone.co.uk/Areas/Mobile/client/build/bundle.js?v=0def69a3592c136822dd line 3145 > eval, line 2743: Error: No available storage method found.
JavaScript error: https://crm-staging-b2b.sparkstone.co.uk/Areas/Mobile/client/build/bundle.js?v=0def69a3592c136822dd line 3145 > eval, line 2743: Error: No available storage method found.
JavaScript error: https://crm-staging-b2b.sparkstone.co.uk/Areas/Mobile/client/build/bundle.js?v=0def69a3592c136822dd line 3145 > eval, line 2743: Error: No available storage method found.
JavaScript error: https://crm-staging-b2b.sparkstone.co.uk/Areas/Mobile/client/build/bundle.js?v=0def69a3592c136822dd line 3145 > eval, line 2743: Error: No available storage method found.
JavaScript error: https://crm-staging-b2b.sparkstone.co.uk/Areas/Mobile/client/build/bundle.js?v=0def69a3592c136822dd line 3145 > eval, line 2743: Error: No available storage method found.
JavaScript error: https://crm-staging-b2b.sparkstone.co.uk/Areas/Mobile/client/build/bundle.js?v=0def69a3592c136822dd line 3145 > eval, line 2743: Error: No available storage method found.
JavaScript error: https://crm-staging-b2b.sparkstone.co.uk/Areas/Mobile/client/build/bundle.js?v=0def69a3592c136822dd line 3145 > eval, line 2743: Error: No available storage method found.
JavaScript error: https://crm-staging-b2b.sparkstone.co.uk/Areas/Mobile/client/build/bundle.js?v=0def69a3592c136822dd line 3145 > eval, line 2743: Error: No available storage method found.
JavaScript error: https://crm-staging-b2b.sparkstone.co.uk/Areas/Mobile/client/build/bundle.js?v=0def69a3592c136822dd line 3145 > eval, line 2743: Error: No available storage method found.
JavaScript error: https://crm-staging-b2b.sparkstone.co.uk/Areas/Mobile/client/build/bundle.js?v=0def69a3592c136822dd line 3145 > eval, line 2743: Error: No available storage method found.
JavaScript error: https://crm-staging-b2b.sparkstone.co.uk/Areas/Mobile/client/build/bundle.js?v=0def69a3592c136822dd line 3145 > eval, line 2743: Error: No available storage method found.
JavaScript error: https://crm-staging-b2b.sparkstone.co.uk/Areas/Mobile/client/build/bundle.js?v=0def69a3592c136822dd line 3145 > eval, line 2743: Error: No available storage method found.
JavaScript error: https://crm-staging-b2b.sparkstone.co.uk/Areas/Mobile/client/build/bundle.js?v=0def69a3592c136822dd line 3145 > eval, line 2743: Error: No available storage method found.
JavaScript error: https://crm-staging-b2b.sparkstone.co.uk/Areas/Mobile/client/build/bundle.js?v=0def69a3592c136822dd line 3145 > eval, line 2743: Error: No available storage method found.
JavaScript error: https://crm-staging-b2b.sparkstone.co.uk/Areas/Mobile/client/build/bundle.js?v=0def69a3592c136822dd line 3145 > eval, line 2743: Error: No available storage method found.
JavaScript error: https://crm-staging-b2b.sparkstone.co.uk/Areas/Mobile/client/build/bundle.js?v=0def69a3592c136822dd line 3145 > eval, line 2743: Error: No available storage method found.
JavaScript error: https://crm-staging-b2b.sparkstone.co.uk/Areas/Mobile/client/build/bundle.js?v=0def69a3592c136822dd line 3145 > eval, line 2743: Error: No available storage method found.
JavaScript error: https://crm-staging-b2b.sparkstone.co.uk/Areas/Mobile/client/build/bundle.js?v=0def69a3592c136822dd line 3145 > eval, line 2743: Error: No available storage method found.
JavaScript error: https://crm-staging-b2b.sparkstone.co.uk/Areas/Mobile/client/build/bundle.js?v=0def69a3592c136822dd line 3145 > eval, line 2743: Error: No available storage method found.
JavaScript error: https://crm-staging-b2b.sparkstone.co.uk/Areas/Mobile/client/build/bundle.js?v=0def69a3592c136822dd line 3145 > eval, line 2743: Error: No available storage method found.
JavaScript error: https://crm-staging-b2b.sparkstone.co.uk/Areas/Mobile/client/build/bundle.js?v=0def69a3592c136822dd line 3145 > eval, line 2743: Error: No available storage method found.
JavaScript error: https://crm-staging-b2b.sparkstone.co.uk/Areas/Mobile/client/build/bundle.js?v=0def69a3592c136822dd line 3145 > eval, line 2743: Error: No available storage method found.
JavaScript error: https://crm-staging-b2b.sparkstone.co.uk/Areas/Mobile/client/build/bundle.js?v=0def69a3592c136822dd line 3145 > eval, line 2743: Error: No available storage method found.
JavaScript error: https://crm-staging-b2b.sparkstone.co.uk/Areas/Mobile/client/build/bundle.js?v=0def69a3592c136822dd line 3145 > eval, line 2743: Error: No available storage method found.
JavaScript error: https://crm-staging-b2b.sparkstone.co.uk/Areas/Mobile/client/build/bundle.js?v=0def69a3592c136822dd line 3145 > eval, line 2743: Error: No available storage method found.
JavaScript error: https://crm-staging-b2b.sparkstone.co.uk/Areas/Mobile/client/build/bundle.js?v=0def69a3592c136822dd line 3145 > eval, line 2743: Error: No available storage method found.
JavaScript error: https://crm-staging-b2b.sparkstone.co.uk/Areas/Mobile/client/build/bundle.js?v=0def69a3592c136822dd line 3145 > eval, line 2743: Error: No available storage method found.
JavaScript error: https://crm-staging-b2b.sparkstone.co.uk/Areas/Mobile/client/build/bundle.js?v=0def69a3592c136822dd line 3145 > eval, line 2743: Error: No available storage method found.
JavaScript error: https://crm-staging-b2b.sparkstone.co.uk/Areas/Mobile/client/build/bundle.js?v=0def69a3592c136822dd line 3145 > eval, line 2743: Error: No available storage method found.
JavaScript error: https://crm-staging-b2b.sparkstone.co.uk/Areas/Mobile/client/build/bundle.js?v=0def69a3592c136822dd line 3145 > eval, line 2743: Error: No available storage method found.
JavaScript error: https://crm-staging-b2b.sparkstone.co.uk/Areas/Mobile/client/build/bundle.js?v=0def69a3592c136822dd line 3145 > eval, line 2743: Error: No available storage method found.
JavaScript error: https://crm-staging-b2b.sparkstone.co.uk/Areas/Mobile/client/build/bundle.js?v=0def69a3592c136822dd line 3145 > eval, line 2743: Error: No available storage method found.
JavaScript error: https://crm-staging-b2b.sparkstone.co.uk/Areas/Mobile/client/build/bundle.js?v=0def69a3592c136822dd line 3145 > eval, line 2743: Error: No available storage method found.
JavaScript error: https://crm-staging-b2b.sparkstone.co.uk/Areas/Mobile/client/build/bundle.js?v=0def69a3592c136822dd line 3145 > eval, line 2743: Error: No available storage method found.
JavaScript error: https://crm-staging-b2b.sparkstone.co.uk/Areas/Mobile/client/build/bundle.js?v=0def69a3592c136822dd line 3145 > eval, line 2743: Error: No available storage method found.
JavaScript error: https://crm-staging-b2b.sparkstone.co.uk/Areas/Mobile/client/build/bundle.js?v=0def69a3592c136822dd line 3145 > eval, line 2743: Error: No available storage method found.
JavaScript error: https://crm-staging-b2b.sparkstone.co.uk/Areas/Mobile/client/build/bundle.js?v=0def69a3592c136822dd line 3145 > eval, line 2743: Error: No available storage method found.
JavaScript error: https://crm-staging-b2b.sparkstone.co.uk/Areas/Mobile/client/build/bundle.js?v=0def69a3592c136822dd line 3145 > eval, line 2743: Error: No available storage method found.
JavaScript error: https://crm-staging-b2b.sparkstone.co.uk/Areas/Mobile/client/build/bundle.js?v=0def69a3592c136822dd line 3145 > eval, line 2743: Error: No available storage method found.
JavaScript error: https://crm-staging-b2b.sparkstone.co.uk/Areas/Mobile/client/build/bundle.js?v=0def69a3592c136822dd line 3145 > eval, line 2743: Error: No available storage method found.
JavaScript error: https://crm-staging-b2b.sparkstone.co.uk/Areas/Mobile/client/build/bundle.js?v=0def69a3592c136822dd line 3145 > eval, line 2743: Error: No available storage method found.
JavaScript error: https://crm-staging-b2b.sparkstone.co.uk/Areas/Mobile/client/build/bundle.js?v=0def69a3592c136822dd line 3145 > eval, line 2743: Error: No available storage method found.
JavaScript error: https://crm-staging-b2b.sparkstone.co.uk/Areas/Mobile/client/build/bundle.js?v=0def69a3592c136822dd line 3145 > eval, line 2743: Error: No available storage method found.
JavaScript error: https://crm-staging-b2b.sparkstone.co.uk/Areas/Mobile/client/build/bundle.js?v=0def69a3592c136822dd line 3145 > eval, line 2743: Error: No available storage method found.
JavaScript error: https://crm-staging-b2b.sparkstone.co.uk/Areas/Mobile/client/build/bundle.js?v=0def69a3592c136822dd line 3145 > eval, line 2743: Error: No available storage method found.
JavaScript error: https://crm-staging-b2b.sparkstone.co.uk/Areas/Mobile/client/build/bundle.js?v=0def69a3592c136822dd line 3145 > eval, line 2743: Error: No available storage method found.
JavaScript error: https://crm-staging-b2b.sparkstone.co.uk/Areas/Mobile/client/build/bundle.js?v=0def69a3592c136822dd line 3145 > eval, line 2743: Error: No available storage method found.
JavaScript error: https://crm-staging-b2b.sparkstone.co.uk/Areas/Mobile/client/build/bundle.js?v=0def69a3592c136822dd line 3145 > eval, line 2743: Error: No available storage method found.
JavaScript error: https://crm-staging-b2b.sparkstone.co.uk/Areas/Mobile/client/build/bundle.js?v=0def69a3592c136822dd line 3145 > eval, line 2743: Error: No available storage method found.
JavaScript error: https://crm-staging-b2b.sparkstone.co.uk/Areas/Mobile/client/build/bundle.js?v=0def69a3592c136822dd line 3145 > eval, line 2743: Error: No available storage method found.
JavaScript error: https://crm-staging-b2b.sparkstone.co.uk/Areas/Mobile/client/build/bundle.js?v=0def69a3592c136822dd line 3145 > eval, line 2743: Error: No available storage method found.
JavaScript error: https://crm-staging-b2b.sparkstone.co.uk/Areas/Mobile/client/build/bundle.js?v=0def69a3592c136822dd line 3145 > eval, line 2743: Error: No available storage method found.
JavaScript error: https://crm-staging-b2b.sparkstone.co.uk/Areas/Mobile/client/build/bundle.js?v=0def69a3592c136822dd line 3145 > eval, line 2743: Error: No available storage method found.
JavaScript error: https://crm-staging-b2b.sparkstone.co.uk/Areas/Mobile/client/build/bundle.js?v=0def69a3592c136822dd line 3145 > eval, line 2743: Error: No available storage method found.
JavaScript error: https://crm-staging-b2b.sparkstone.co.uk/Areas/Mobile/client/build/bundle.js?v=0def69a3592c136822dd line 3145 > eval, line 2743: Error: No available storage method found.
JavaScript error: https://crm-staging-b2b.sparkstone.co.uk/Areas/Mobile/client/build/bundle.js?v=0def69a3592c136822dd line 3145 > eval, line 2743: Error: No available storage method found.
JavaScript error: https://crm-staging-b2b.sparkstone.co.uk/Areas/Mobile/client/build/bundle.js?v=0def69a3592c136822dd line 3145 > eval, line 2743: Error: No available storage method found.
JavaScript error: https://crm-staging-b2b.sparkstone.co.uk/Areas/Mobile/client/build/bundle.js?v=0def69a3592c136822dd line 3145 > eval, line 2743: Error: No available storage method found.
JavaScript error: https://crm-staging-b2b.sparkstone.co.uk/Areas/Mobile/client/build/bundle.js?v=0def69a3592c136822dd line 3145 > eval, line 2743: Error: No available storage method found.
JavaScript error: https://crm-staging-b2b.sparkstone.co.uk/Areas/Mobile/client/build/bundle.js?v=0def69a3592c136822dd line 3145 > eval, line 2743: Error: No available storage method found.
JavaScript error: https://crm-staging-b2b.sparkstone.co.uk/Areas/Mobile/client/build/bundle.js?v=0def69a3592c136822dd line 3145 > eval, line 2743: Error: No available storage method found.
JavaScript error: https://crm-staging-b2b.sparkstone.co.uk/Areas/Mobile/client/build/bundle.js?v=0def69a3592c136822dd line 3145 > eval, line 2743: Error: No available storage method found.
JavaScript error: https://crm-staging-b2b.sparkstone.co.uk/Areas/Mobile/client/build/bundle.js?v=0def69a3592c136822dd line 3145 > eval, line 2743: Error: No available storage method found.
JavaScript error: https://crm-staging-b2b.sparkstone.co.uk/Areas/Mobile/client/build/bundle.js?v=0def69a3592c136822dd line 3145 > eval, line 2743: Error: No available storage method found.
JavaScript error: https://crm-staging-b2b.sparkstone.co.uk/Areas/Mobile/client/build/bundle.js?v=0def69a3592c136822dd line 3145 > eval, line 2743: Error: No available storage method found.
JavaScript error: https://crm-staging-b2b.sparkstone.co.uk/Areas/Mobile/client/build/bundle.js?v=0def69a3592c136822dd line 3145 > eval, line 2743: Error: No available storage method found.
JavaScript error: https://crm-staging-b2b.sparkstone.co.uk/Areas/Mobile/client/build/bundle.js?v=0def69a3592c136822dd line 3145 > eval, line 2743: Error: No available storage method found.
JavaScript error: https://crm-staging-b2b.sparkstone.co.uk/Areas/Mobile/client/build/bundle.js?v=0def69a3592c136822dd line 3145 > eval, line 2743: Error: No available storage method found.
JavaScript error: https://crm-staging-b2b.sparkstone.co.uk/Areas/Mobile/client/build/bundle.js?v=0def69a3592c136822dd line 3145 > eval, line 2743: Error: No available storage method found.
JavaScript error: https://crm-staging-b2b.sparkstone.co.uk/Areas/Mobile/client/build/bundle.js?v=0def69a3592c136822dd line 3145 > eval, line 2743: Error: No available storage method found.
JavaScript error: https://crm-staging-b2b.sparkstone.co.uk/Areas/Mobile/client/build/bundle.js?v=0def69a3592c136822dd line 3145 > eval, line 2743: Error: No available storage method found.
JavaScript error: https://crm-staging-b2b.sparkstone.co.uk/Areas/Mobile/client/build/bundle.js?v=0def69a3592c136822dd line 3145 > eval, line 2743: Error: No available storage method found.
JavaScript error: https://crm-staging-b2b.sparkstone.co.uk/Areas/Mobile/client/build/bundle.js?v=0def69a3592c136822dd line 3145 > eval, line 2743: Error: No available storage method found.
JavaScript error: https://crm-staging-b2b.sparkstone.co.uk/Areas/Mobile/client/build/bundle.js?v=0def69a3592c136822dd line 3145 > eval, line 2743: Error: No available storage method found.
JavaScript error: https://crm-staging-b2b.sparkstone.co.uk/Areas/Mobile/client/build/bundle.js?v=0def69a3592c136822dd line 3145 > eval, line 2743: Error: No available storage method found.
JavaScript error: https://crm-staging-b2b.sparkstone.co.uk/Areas/Mobile/client/build/bundle.js?v=0def69a3592c136822dd line 3145 > eval, line 2743: Error: No available storage method found.
JavaScript error: https://crm-staging-b2b.sparkstone.co.uk/Areas/Mobile/client/build/bundle.js?v=0def69a3592c136822dd line 3145 > eval, line 2743: Error: No available storage method found.
1600945178213	Marionette	INFO	Stopped listening on port 49500
JavaScript error: webpack-internal:///714, line 10: NS_ERROR_NOT_INITIALIZED: 

###!!! [Child][RunMessage] Error: Channel closing: too late to send/recv, messages will be lost


###!!! [Child][MessageChannel::SendAndWait] Error: Channel error: cannot send/recv

1601030706004	geckodriver	INFO	Listening on 127.0.0.1:50000
1601030709159	mozrunner::runner	INFO	Running command: "C:\\Program Files\\Firefox Developer Edition\\firefox.exe" "--marionette" "-foreground" "-no-remote" "-profile" "C:\\Users\\mrina\\AppData\\Local\\Temp\\rust_mozprofileT8PAAY"
Can't find symbol 'eglSwapBuffersWithDamageEXT'.
JavaScript error: resource://gre/modules/XULStore.jsm, line 66: Error: Can't find profile directory.
console.error: SearchCache: "_readCacheFile: Error reading cache file:" (new Error("", "(unknown module)"))
1601030716307	Marionette	INFO	Listening on port 50009
1601030716683	Marionette	WARN	TLS certificate errors will be ignored for this session
JavaScript error: https://crm-staging-b2b.sparkstone.co.uk/account/Login?ReturnUrl=%2fmobile%2fmHome, line 262: ReferenceError: openDatabase is not defined
1601030734357	Marionette	INFO	Stopped listening on port 50009

###!!! [Child][RunMessage] Error: Channel closing: too late to send/recv, messages will be lost


###!!! [Child][MessageChannel::SendAndWait] Error: Channel error: cannot send/recv

